<?xml version="1.0" encoding="UTF-8"?>
<testsuite xmlns:xsi="http://www.w3.org/2001/XMLSchema-instance" xsi:noNamespaceSchemaLocation="https://maven.apache.org/surefire/maven-surefire-plugin/xsd/surefire-test-report.xsd" name="org.apache.zookeeper.server.ServerIdTest" time="198.548" tests="512" errors="0" skipped="0" failures="0">
  <properties>
    <property name="build.test.dir" value="/Users/linxiangling/Documents/GitHub/zookeeper/zookeeper-server/target/surefire"/>
    <property name="java.specification.version" value="18"/>
    <property name="sun.jnu.encoding" value="UTF-8"/>
    <property name="java.class.path" value="/Users/linxiangling/Documents/GitHub/zookeeper/zookeeper-server/target/test-classes:/Users/linxiangling/Documents/GitHub/zookeeper/zookeeper-server/target/classes:/Users/linxiangling/.m2/repository/com/github/spotbugs/spotbugs-annotations/4.0.2/spotbugs-annotations-4.0.2.jar:/Users/linxiangling/.m2/repository/com/google/code/findbugs/jsr305/3.0.2/jsr305-3.0.2.jar:/Users/linxiangling/.m2/repository/org/hamcrest/hamcrest-library/2.2/hamcrest-library-2.2.jar:/Users/linxiangling/.m2/repository/org/hamcrest/hamcrest-core/2.2/hamcrest-core-2.2.jar:/Users/linxiangling/.m2/repository/org/hamcrest/hamcrest/2.2/hamcrest-2.2.jar:/Users/linxiangling/.m2/repository/org/apache/commons/commons-collections4/4.4/commons-collections4-4.4.jar:/Users/linxiangling/Documents/GitHub/zookeeper/zookeeper-jute/target/zookeeper-jute-3.9.0-SNAPSHOT.jar:/Users/linxiangling/.m2/repository/commons-cli/commons-cli/1.4/commons-cli-1.4.jar:/Users/linxiangling/.m2/repository/org/apache/yetus/audience-annotations/0.12.0/audience-annotations-0.12.0.jar:/Users/linxiangling/.m2/repository/io/netty/netty-handler/4.1.76.Final/netty-handler-4.1.76.Final.jar:/Users/linxiangling/.m2/repository/io/netty/netty-common/4.1.76.Final/netty-common-4.1.76.Final.jar:/Users/linxiangling/.m2/repository/io/netty/netty-resolver/4.1.76.Final/netty-resolver-4.1.76.Final.jar:/Users/linxiangling/.m2/repository/io/netty/netty-buffer/4.1.76.Final/netty-buffer-4.1.76.Final.jar:/Users/linxiangling/.m2/repository/io/netty/netty-transport/4.1.76.Final/netty-transport-4.1.76.Final.jar:/Users/linxiangling/.m2/repository/io/netty/netty-codec/4.1.76.Final/netty-codec-4.1.76.Final.jar:/Users/linxiangling/.m2/repository/io/netty/netty-transport-native-epoll/4.1.76.Final/netty-transport-native-epoll-4.1.76.Final.jar:/Users/linxiangling/.m2/repository/io/netty/netty-transport-native-unix-common/4.1.76.Final/netty-transport-native-unix-common-4.1.76.Final.jar:/Users/linxiangling/.m2/repository/io/netty/netty-transport-classes-epoll/4.1.76.Final/netty-transport-classes-epoll-4.1.76.Final.jar:/Users/linxiangling/.m2/repository/org/slf4j/slf4j-api/1.7.30/slf4j-api-1.7.30.jar:/Users/linxiangling/.m2/repository/ch/qos/logback/logback-core/1.2.10/logback-core-1.2.10.jar:/Users/linxiangling/.m2/repository/ch/qos/logback/logback-classic/1.2.10/logback-classic-1.2.10.jar:/Users/linxiangling/.m2/repository/org/eclipse/jetty/jetty-server/9.4.43.v20210629/jetty-server-9.4.43.v20210629.jar:/Users/linxiangling/.m2/repository/javax/servlet/javax.servlet-api/3.1.0/javax.servlet-api-3.1.0.jar:/Users/linxiangling/.m2/repository/org/eclipse/jetty/jetty-http/9.4.43.v20210629/jetty-http-9.4.43.v20210629.jar:/Users/linxiangling/.m2/repository/org/eclipse/jetty/jetty-util/9.4.43.v20210629/jetty-util-9.4.43.v20210629.jar:/Users/linxiangling/.m2/repository/org/eclipse/jetty/jetty-io/9.4.43.v20210629/jetty-io-9.4.43.v20210629.jar:/Users/linxiangling/.m2/repository/org/eclipse/jetty/jetty-servlet/9.4.43.v20210629/jetty-servlet-9.4.43.v20210629.jar:/Users/linxiangling/.m2/repository/org/eclipse/jetty/jetty-security/9.4.43.v20210629/jetty-security-9.4.43.v20210629.jar:/Users/linxiangling/.m2/repository/org/eclipse/jetty/jetty-util-ajax/9.4.43.v20210629/jetty-util-ajax-9.4.43.v20210629.jar:/Users/linxiangling/.m2/repository/org/eclipse/jetty/jetty-client/9.4.43.v20210629/jetty-client-9.4.43.v20210629.jar:/Users/linxiangling/.m2/repository/com/fasterxml/jackson/core/jackson-databind/2.13.2.1/jackson-databind-2.13.2.1.jar:/Users/linxiangling/.m2/repository/com/fasterxml/jackson/core/jackson-annotations/2.13.2/jackson-annotations-2.13.2.jar:/Users/linxiangling/.m2/repository/com/fasterxml/jackson/core/jackson-core/2.13.2/jackson-core-2.13.2.jar:/Users/linxiangling/.m2/repository/org/bouncycastle/bcprov-jdk15on/1.60/bcprov-jdk15on-1.60.jar:/Users/linxiangling/.m2/repository/org/bouncycastle/bcpkix-jdk15on/1.60/bcpkix-jdk15on-1.60.jar:/Users/linxiangling/.m2/repository/jline/jline/2.14.6/jline-2.14.6.jar:/Users/linxiangling/.m2/repository/io/dropwizard/metrics/metrics-core/4.1.12.1/metrics-core-4.1.12.1.jar:/Users/linxiangling/.m2/repository/org/apache/kerby/kerb-core/2.0.0/kerb-core-2.0.0.jar:/Users/linxiangling/.m2/repository/org/apache/kerby/kerby-pkix/2.0.0/kerby-pkix-2.0.0.jar:/Users/linxiangling/.m2/repository/org/apache/kerby/kerby-asn1/2.0.0/kerby-asn1-2.0.0.jar:/Users/linxiangling/.m2/repository/org/apache/kerby/kerby-util/2.0.0/kerby-util-2.0.0.jar:/Users/linxiangling/.m2/repository/org/apache/kerby/kerb-simplekdc/2.0.0/kerb-simplekdc-2.0.0.jar:/Users/linxiangling/.m2/repository/org/apache/kerby/kerb-client/2.0.0/kerb-client-2.0.0.jar:/Users/linxiangling/.m2/repository/org/apache/kerby/kerb-common/2.0.0/kerb-common-2.0.0.jar:/Users/linxiangling/.m2/repository/org/apache/kerby/kerb-crypto/2.0.0/kerb-crypto-2.0.0.jar:/Users/linxiangling/.m2/repository/org/apache/kerby/kerb-util/2.0.0/kerb-util-2.0.0.jar:/Users/linxiangling/.m2/repository/org/apache/kerby/token-provider/2.0.0/token-provider-2.0.0.jar:/Users/linxiangling/.m2/repository/com/nimbusds/nimbus-jose-jwt/4.41.2/nimbus-jose-jwt-4.41.2.jar:/Users/linxiangling/.m2/repository/com/github/stephenc/jcip/jcip-annotations/1.0-1/jcip-annotations-1.0-1.jar:/Users/linxiangling/.m2/repository/net/minidev/json-smart/2.3/json-smart-2.3.jar:/Users/linxiangling/.m2/repository/net/minidev/accessors-smart/1.2/accessors-smart-1.2.jar:/Users/linxiangling/.m2/repository/org/ow2/asm/asm/5.0.4/asm-5.0.4.jar:/Users/linxiangling/.m2/repository/org/apache/kerby/kerb-admin/2.0.0/kerb-admin-2.0.0.jar:/Users/linxiangling/.m2/repository/org/apache/kerby/kerb-server/2.0.0/kerb-server-2.0.0.jar:/Users/linxiangling/.m2/repository/org/apache/kerby/kerb-identity/2.0.0/kerb-identity-2.0.0.jar:/Users/linxiangling/.m2/repository/org/apache/kerby/kerby-xdr/2.0.0/kerby-xdr-2.0.0.jar:/Users/linxiangling/.m2/repository/org/apache/kerby/kerby-config/2.0.0/kerby-config-2.0.0.jar:/Users/linxiangling/.m2/repository/org/mockito/mockito-core/3.6.28/mockito-core-3.6.28.jar:/Users/linxiangling/.m2/repository/net/bytebuddy/byte-buddy/1.10.18/byte-buddy-1.10.18.jar:/Users/linxiangling/.m2/repository/net/bytebuddy/byte-buddy-agent/1.10.18/byte-buddy-agent-1.10.18.jar:/Users/linxiangling/.m2/repository/org/objenesis/objenesis/3.1/objenesis-3.1.jar:/Users/linxiangling/.m2/repository/org/jmockit/jmockit/1.48/jmockit-1.48.jar:/Users/linxiangling/.m2/repository/org/junit/jupiter/junit-jupiter-api/5.6.2/junit-jupiter-api-5.6.2.jar:/Users/linxiangling/.m2/repository/org/apiguardian/apiguardian-api/1.1.0/apiguardian-api-1.1.0.jar:/Users/linxiangling/.m2/repository/org/opentest4j/opentest4j/1.2.0/opentest4j-1.2.0.jar:/Users/linxiangling/.m2/repository/org/junit/platform/junit-platform-commons/1.6.2/junit-platform-commons-1.6.2.jar:/Users/linxiangling/.m2/repository/org/junit/jupiter/junit-jupiter-engine/5.6.2/junit-jupiter-engine-5.6.2.jar:/Users/linxiangling/.m2/repository/org/junit/platform/junit-platform-engine/1.6.2/junit-platform-engine-1.6.2.jar:/Users/linxiangling/.m2/repository/org/junit/jupiter/junit-jupiter-params/5.6.2/junit-jupiter-params-5.6.2.jar:/Users/linxiangling/.m2/repository/org/junit/platform/junit-platform-runner/1.6.2/junit-platform-runner-1.6.2.jar:/Users/linxiangling/.m2/repository/junit/junit/4.13/junit-4.13.jar:/Users/linxiangling/.m2/repository/org/junit/platform/junit-platform-launcher/1.6.2/junit-platform-launcher-1.6.2.jar:/Users/linxiangling/.m2/repository/org/junit/platform/junit-platform-suite-api/1.6.2/junit-platform-suite-api-1.6.2.jar:/Users/linxiangling/.m2/repository/org/xerial/snappy/snappy-java/1.1.7.7/snappy-java-1.1.7.7.jar:/Users/linxiangling/.m2/repository/commons-io/commons-io/2.11.0/commons-io-2.11.0.jar:"/>
    <property name="java.vm.vendor" value="Homebrew"/>
    <property name="sun.arch.data.model" value="64"/>
    <property name="java.vendor.url" value="https://github.com/Homebrew/homebrew-core/issues"/>
    <property name="os.name" value="Mac OS X"/>
    <property name="java.vm.specification.version" value="18"/>
    <property name="sun.java.launcher" value="SUN_STANDARD"/>
    <property name="user.country" value="TW"/>
    <property name="sun.boot.library.path" value="/usr/local/Cellar/openjdk/18.0.2.1/libexec/openjdk.jdk/Contents/Home/lib"/>
    <property name="sun.java.command" value="/Users/linxiangling/Documents/GitHub/zookeeper/zookeeper-server/target/surefire/surefirebooter8639048423973168588.jar /Users/linxiangling/Documents/GitHub/zookeeper/zookeeper-server/target/surefire 2022-09-11T09-05-55_015-jvmRun2 surefire4412776170237697448tmp surefire_16711926686483510045152tmp"/>
    <property name="http.nonProxyHosts" value="local|*.local|169.254/16|*.169.254/16"/>
    <property name="jdk.debug" value="release"/>
    <property name="surefire.test.class.path" value="/Users/linxiangling/Documents/GitHub/zookeeper/zookeeper-server/target/test-classes:/Users/linxiangling/Documents/GitHub/zookeeper/zookeeper-server/target/classes:/Users/linxiangling/.m2/repository/com/github/spotbugs/spotbugs-annotations/4.0.2/spotbugs-annotations-4.0.2.jar:/Users/linxiangling/.m2/repository/com/google/code/findbugs/jsr305/3.0.2/jsr305-3.0.2.jar:/Users/linxiangling/.m2/repository/org/hamcrest/hamcrest-library/2.2/hamcrest-library-2.2.jar:/Users/linxiangling/.m2/repository/org/hamcrest/hamcrest-core/2.2/hamcrest-core-2.2.jar:/Users/linxiangling/.m2/repository/org/hamcrest/hamcrest/2.2/hamcrest-2.2.jar:/Users/linxiangling/.m2/repository/org/apache/commons/commons-collections4/4.4/commons-collections4-4.4.jar:/Users/linxiangling/Documents/GitHub/zookeeper/zookeeper-jute/target/zookeeper-jute-3.9.0-SNAPSHOT.jar:/Users/linxiangling/.m2/repository/commons-cli/commons-cli/1.4/commons-cli-1.4.jar:/Users/linxiangling/.m2/repository/org/apache/yetus/audience-annotations/0.12.0/audience-annotations-0.12.0.jar:/Users/linxiangling/.m2/repository/io/netty/netty-handler/4.1.76.Final/netty-handler-4.1.76.Final.jar:/Users/linxiangling/.m2/repository/io/netty/netty-common/4.1.76.Final/netty-common-4.1.76.Final.jar:/Users/linxiangling/.m2/repository/io/netty/netty-resolver/4.1.76.Final/netty-resolver-4.1.76.Final.jar:/Users/linxiangling/.m2/repository/io/netty/netty-buffer/4.1.76.Final/netty-buffer-4.1.76.Final.jar:/Users/linxiangling/.m2/repository/io/netty/netty-transport/4.1.76.Final/netty-transport-4.1.76.Final.jar:/Users/linxiangling/.m2/repository/io/netty/netty-codec/4.1.76.Final/netty-codec-4.1.76.Final.jar:/Users/linxiangling/.m2/repository/io/netty/netty-transport-native-epoll/4.1.76.Final/netty-transport-native-epoll-4.1.76.Final.jar:/Users/linxiangling/.m2/repository/io/netty/netty-transport-native-unix-common/4.1.76.Final/netty-transport-native-unix-common-4.1.76.Final.jar:/Users/linxiangling/.m2/repository/io/netty/netty-transport-classes-epoll/4.1.76.Final/netty-transport-classes-epoll-4.1.76.Final.jar:/Users/linxiangling/.m2/repository/org/slf4j/slf4j-api/1.7.30/slf4j-api-1.7.30.jar:/Users/linxiangling/.m2/repository/ch/qos/logback/logback-core/1.2.10/logback-core-1.2.10.jar:/Users/linxiangling/.m2/repository/ch/qos/logback/logback-classic/1.2.10/logback-classic-1.2.10.jar:/Users/linxiangling/.m2/repository/org/eclipse/jetty/jetty-server/9.4.43.v20210629/jetty-server-9.4.43.v20210629.jar:/Users/linxiangling/.m2/repository/javax/servlet/javax.servlet-api/3.1.0/javax.servlet-api-3.1.0.jar:/Users/linxiangling/.m2/repository/org/eclipse/jetty/jetty-http/9.4.43.v20210629/jetty-http-9.4.43.v20210629.jar:/Users/linxiangling/.m2/repository/org/eclipse/jetty/jetty-util/9.4.43.v20210629/jetty-util-9.4.43.v20210629.jar:/Users/linxiangling/.m2/repository/org/eclipse/jetty/jetty-io/9.4.43.v20210629/jetty-io-9.4.43.v20210629.jar:/Users/linxiangling/.m2/repository/org/eclipse/jetty/jetty-servlet/9.4.43.v20210629/jetty-servlet-9.4.43.v20210629.jar:/Users/linxiangling/.m2/repository/org/eclipse/jetty/jetty-security/9.4.43.v20210629/jetty-security-9.4.43.v20210629.jar:/Users/linxiangling/.m2/repository/org/eclipse/jetty/jetty-util-ajax/9.4.43.v20210629/jetty-util-ajax-9.4.43.v20210629.jar:/Users/linxiangling/.m2/repository/org/eclipse/jetty/jetty-client/9.4.43.v20210629/jetty-client-9.4.43.v20210629.jar:/Users/linxiangling/.m2/repository/com/fasterxml/jackson/core/jackson-databind/2.13.2.1/jackson-databind-2.13.2.1.jar:/Users/linxiangling/.m2/repository/com/fasterxml/jackson/core/jackson-annotations/2.13.2/jackson-annotations-2.13.2.jar:/Users/linxiangling/.m2/repository/com/fasterxml/jackson/core/jackson-core/2.13.2/jackson-core-2.13.2.jar:/Users/linxiangling/.m2/repository/org/bouncycastle/bcprov-jdk15on/1.60/bcprov-jdk15on-1.60.jar:/Users/linxiangling/.m2/repository/org/bouncycastle/bcpkix-jdk15on/1.60/bcpkix-jdk15on-1.60.jar:/Users/linxiangling/.m2/repository/jline/jline/2.14.6/jline-2.14.6.jar:/Users/linxiangling/.m2/repository/io/dropwizard/metrics/metrics-core/4.1.12.1/metrics-core-4.1.12.1.jar:/Users/linxiangling/.m2/repository/org/apache/kerby/kerb-core/2.0.0/kerb-core-2.0.0.jar:/Users/linxiangling/.m2/repository/org/apache/kerby/kerby-pkix/2.0.0/kerby-pkix-2.0.0.jar:/Users/linxiangling/.m2/repository/org/apache/kerby/kerby-asn1/2.0.0/kerby-asn1-2.0.0.jar:/Users/linxiangling/.m2/repository/org/apache/kerby/kerby-util/2.0.0/kerby-util-2.0.0.jar:/Users/linxiangling/.m2/repository/org/apache/kerby/kerb-simplekdc/2.0.0/kerb-simplekdc-2.0.0.jar:/Users/linxiangling/.m2/repository/org/apache/kerby/kerb-client/2.0.0/kerb-client-2.0.0.jar:/Users/linxiangling/.m2/repository/org/apache/kerby/kerb-common/2.0.0/kerb-common-2.0.0.jar:/Users/linxiangling/.m2/repository/org/apache/kerby/kerb-crypto/2.0.0/kerb-crypto-2.0.0.jar:/Users/linxiangling/.m2/repository/org/apache/kerby/kerb-util/2.0.0/kerb-util-2.0.0.jar:/Users/linxiangling/.m2/repository/org/apache/kerby/token-provider/2.0.0/token-provider-2.0.0.jar:/Users/linxiangling/.m2/repository/com/nimbusds/nimbus-jose-jwt/4.41.2/nimbus-jose-jwt-4.41.2.jar:/Users/linxiangling/.m2/repository/com/github/stephenc/jcip/jcip-annotations/1.0-1/jcip-annotations-1.0-1.jar:/Users/linxiangling/.m2/repository/net/minidev/json-smart/2.3/json-smart-2.3.jar:/Users/linxiangling/.m2/repository/net/minidev/accessors-smart/1.2/accessors-smart-1.2.jar:/Users/linxiangling/.m2/repository/org/ow2/asm/asm/5.0.4/asm-5.0.4.jar:/Users/linxiangling/.m2/repository/org/apache/kerby/kerb-admin/2.0.0/kerb-admin-2.0.0.jar:/Users/linxiangling/.m2/repository/org/apache/kerby/kerb-server/2.0.0/kerb-server-2.0.0.jar:/Users/linxiangling/.m2/repository/org/apache/kerby/kerb-identity/2.0.0/kerb-identity-2.0.0.jar:/Users/linxiangling/.m2/repository/org/apache/kerby/kerby-xdr/2.0.0/kerby-xdr-2.0.0.jar:/Users/linxiangling/.m2/repository/org/apache/kerby/kerby-config/2.0.0/kerby-config-2.0.0.jar:/Users/linxiangling/.m2/repository/org/mockito/mockito-core/3.6.28/mockito-core-3.6.28.jar:/Users/linxiangling/.m2/repository/net/bytebuddy/byte-buddy/1.10.18/byte-buddy-1.10.18.jar:/Users/linxiangling/.m2/repository/net/bytebuddy/byte-buddy-agent/1.10.18/byte-buddy-agent-1.10.18.jar:/Users/linxiangling/.m2/repository/org/objenesis/objenesis/3.1/objenesis-3.1.jar:/Users/linxiangling/.m2/repository/org/jmockit/jmockit/1.48/jmockit-1.48.jar:/Users/linxiangling/.m2/repository/org/junit/jupiter/junit-jupiter-api/5.6.2/junit-jupiter-api-5.6.2.jar:/Users/linxiangling/.m2/repository/org/apiguardian/apiguardian-api/1.1.0/apiguardian-api-1.1.0.jar:/Users/linxiangling/.m2/repository/org/opentest4j/opentest4j/1.2.0/opentest4j-1.2.0.jar:/Users/linxiangling/.m2/repository/org/junit/platform/junit-platform-commons/1.6.2/junit-platform-commons-1.6.2.jar:/Users/linxiangling/.m2/repository/org/junit/jupiter/junit-jupiter-engine/5.6.2/junit-jupiter-engine-5.6.2.jar:/Users/linxiangling/.m2/repository/org/junit/platform/junit-platform-engine/1.6.2/junit-platform-engine-1.6.2.jar:/Users/linxiangling/.m2/repository/org/junit/jupiter/junit-jupiter-params/5.6.2/junit-jupiter-params-5.6.2.jar:/Users/linxiangling/.m2/repository/org/junit/platform/junit-platform-runner/1.6.2/junit-platform-runner-1.6.2.jar:/Users/linxiangling/.m2/repository/junit/junit/4.13/junit-4.13.jar:/Users/linxiangling/.m2/repository/org/junit/platform/junit-platform-launcher/1.6.2/junit-platform-launcher-1.6.2.jar:/Users/linxiangling/.m2/repository/org/junit/platform/junit-platform-suite-api/1.6.2/junit-platform-suite-api-1.6.2.jar:/Users/linxiangling/.m2/repository/org/xerial/snappy/snappy-java/1.1.7.7/snappy-java-1.1.7.7.jar:/Users/linxiangling/.m2/repository/commons-io/commons-io/2.11.0/commons-io-2.11.0.jar:"/>
    <property name="sun.cpu.endian" value="little"/>
    <property name="user.home" value="/Users/linxiangling"/>
    <property name="user.language" value="zh"/>
    <property name="java.specification.vendor" value="Oracle Corporation"/>
    <property name="java.version.date" value="2022-08-18"/>
    <property name="java.home" value="/usr/local/Cellar/openjdk/18.0.2.1/libexec/openjdk.jdk/Contents/Home"/>
    <property name="zookeeper.DigestAuthenticationProvider.superDigest" value="super:D/InIHSb7yEEbrWz8b9l71RjZJU="/>
    <property name="file.separator" value="/"/>
    <property name="basedir" value="/Users/linxiangling/Documents/GitHub/zookeeper/zookeeper-server"/>
    <property name="java.vm.compressedOopsMode" value="Zero based"/>
    <property name="line.separator" value="&#10;"/>
    <property name="java.vm.specification.vendor" value="Oracle Corporation"/>
    <property name="java.specification.name" value="Java Platform API Specification"/>
    <property name="test.junit.threads" value="8"/>
    <property name="apple.awt.application.name" value="ForkedBooter"/>
    <property name="surefire.real.class.path" value="/Users/linxiangling/Documents/GitHub/zookeeper/zookeeper-server/target/surefire/surefirebooter8639048423973168588.jar"/>
    <property name="zookeeper.junit.threadid" value="2"/>
    <property name="user.script" value="Hant"/>
    <property name="sun.management.compiler" value="HotSpot 64-Bit Tiered Compilers"/>
    <property name="ftp.nonProxyHosts" value="local|*.local|169.254/16|*.169.254/16"/>
    <property name="java.runtime.version" value="18.0.2.1+0"/>
    <property name="user.name" value="linxiangling"/>
    <property name="path.separator" value=":"/>
    <property name="os.version" value="10.15.6"/>
    <property name="java.runtime.name" value="OpenJDK Runtime Environment"/>
    <property name="file.encoding" value="UTF-8"/>
    <property name="java.vm.name" value="OpenJDK 64-Bit Server VM"/>
    <property name="java.vendor.version" value="Homebrew"/>
    <property name="localRepository" value="/Users/linxiangling/.m2/repository"/>
    <property name="java.vendor.url.bug" value="https://github.com/Homebrew/homebrew-core/issues"/>
    <property name="java.io.tmpdir" value="/var/folders/mp/w39sdpzd2wj4lrp979j8yy280000gn/T/"/>
    <property name="java.version" value="18.0.2.1"/>
    <property name="user.dir" value="/Users/linxiangling/Documents/GitHub/zookeeper/zookeeper-server"/>
    <property name="os.arch" value="x86_64"/>
    <property name="java.vm.specification.name" value="Java Virtual Machine Specification"/>
    <property name="native.encoding" value="UTF-8"/>
    <property name="java.library.path" value="/Users/linxiangling/Library/Java/Extensions:/Library/Java/Extensions:/Network/Library/Java/Extensions:/System/Library/Java/Extensions:/usr/lib/java:."/>
    <property name="junit.jupiter.extensions.autodetection.enabled" value="true"/>
    <property name="java.vm.info" value="mixed mode, sharing"/>
    <property name="java.vendor" value="Homebrew"/>
    <property name="java.vm.version" value="18.0.2.1+0"/>
    <property name="sun.io.unicode.encoding" value="UnicodeBig"/>
    <property name="socksNonProxyHosts" value="local|*.local|169.254/16|*.169.254/16"/>
    <property name="java.class.version" value="62.0"/>
  </properties>
  <testcase name="doTest{boolean, int}[1]" classname="org.apache.zookeeper.server.ServerIdTest" time="2.154"/>
  <testcase name="doTest{boolean, int}[2]" classname="org.apache.zookeeper.server.ServerIdTest" time="0.297"/>
  <testcase name="doTest{boolean, int}[3]" classname="org.apache.zookeeper.server.ServerIdTest" time="0.281"/>
  <testcase name="doTest{boolean, int}[4]" classname="org.apache.zookeeper.server.ServerIdTest" time="0.28"/>
  <testcase name="doTest{boolean, int}[5]" classname="org.apache.zookeeper.server.ServerIdTest" time="0.285"/>
  <testcase name="doTest{boolean, int}[6]" classname="org.apache.zookeeper.server.ServerIdTest" time="0.279"/>
  <testcase name="doTest{boolean, int}[7]" classname="org.apache.zookeeper.server.ServerIdTest" time="0.28"/>
  <testcase name="doTest{boolean, int}[8]" classname="org.apache.zookeeper.server.ServerIdTest" time="0.265"/>
  <testcase name="doTest{boolean, int}[9]" classname="org.apache.zookeeper.server.ServerIdTest" time="0.381"/>
  <testcase name="doTest{boolean, int}[10]" classname="org.apache.zookeeper.server.ServerIdTest" time="0.282"/>
  <testcase name="doTest{boolean, int}[11]" classname="org.apache.zookeeper.server.ServerIdTest" time="0.265"/>
  <testcase name="doTest{boolean, int}[12]" classname="org.apache.zookeeper.server.ServerIdTest" time="0.291"/>
  <testcase name="doTest{boolean, int}[13]" classname="org.apache.zookeeper.server.ServerIdTest" time="0.27"/>
  <testcase name="doTest{boolean, int}[14]" classname="org.apache.zookeeper.server.ServerIdTest" time="0.261"/>
  <testcase name="doTest{boolean, int}[15]" classname="org.apache.zookeeper.server.ServerIdTest" time="0.28"/>
  <testcase name="doTest{boolean, int}[16]" classname="org.apache.zookeeper.server.ServerIdTest" time="0.25"/>
  <testcase name="doTest{boolean, int}[17]" classname="org.apache.zookeeper.server.ServerIdTest" time="0.321"/>
  <testcase name="doTest{boolean, int}[18]" classname="org.apache.zookeeper.server.ServerIdTest" time="0.317"/>
  <testcase name="doTest{boolean, int}[19]" classname="org.apache.zookeeper.server.ServerIdTest" time="0.261"/>
  <testcase name="doTest{boolean, int}[20]" classname="org.apache.zookeeper.server.ServerIdTest" time="0.249"/>
  <testcase name="doTest{boolean, int}[21]" classname="org.apache.zookeeper.server.ServerIdTest" time="0.272"/>
  <testcase name="doTest{boolean, int}[22]" classname="org.apache.zookeeper.server.ServerIdTest" time="0.255"/>
  <testcase name="doTest{boolean, int}[23]" classname="org.apache.zookeeper.server.ServerIdTest" time="0.247"/>
  <testcase name="doTest{boolean, int}[24]" classname="org.apache.zookeeper.server.ServerIdTest" time="0.257"/>
  <testcase name="doTest{boolean, int}[25]" classname="org.apache.zookeeper.server.ServerIdTest" time="0.261"/>
  <testcase name="doTest{boolean, int}[26]" classname="org.apache.zookeeper.server.ServerIdTest" time="0.266"/>
  <testcase name="doTest{boolean, int}[27]" classname="org.apache.zookeeper.server.ServerIdTest" time="0.286"/>
  <testcase name="doTest{boolean, int}[28]" classname="org.apache.zookeeper.server.ServerIdTest" time="0.341"/>
  <testcase name="doTest{boolean, int}[29]" classname="org.apache.zookeeper.server.ServerIdTest" time="0.262"/>
  <testcase name="doTest{boolean, int}[30]" classname="org.apache.zookeeper.server.ServerIdTest" time="0.251"/>
  <testcase name="doTest{boolean, int}[31]" classname="org.apache.zookeeper.server.ServerIdTest" time="0.237"/>
  <testcase name="doTest{boolean, int}[32]" classname="org.apache.zookeeper.server.ServerIdTest" time="0.253"/>
  <testcase name="doTest{boolean, int}[33]" classname="org.apache.zookeeper.server.ServerIdTest" time="0.27"/>
  <testcase name="doTest{boolean, int}[34]" classname="org.apache.zookeeper.server.ServerIdTest" time="0.286"/>
  <testcase name="doTest{boolean, int}[35]" classname="org.apache.zookeeper.server.ServerIdTest" time="0.259"/>
  <testcase name="doTest{boolean, int}[36]" classname="org.apache.zookeeper.server.ServerIdTest" time="0.253"/>
  <testcase name="doTest{boolean, int}[37]" classname="org.apache.zookeeper.server.ServerIdTest" time="0.246"/>
  <testcase name="doTest{boolean, int}[38]" classname="org.apache.zookeeper.server.ServerIdTest" time="0.262"/>
  <testcase name="doTest{boolean, int}[39]" classname="org.apache.zookeeper.server.ServerIdTest" time="0.268"/>
  <testcase name="doTest{boolean, int}[40]" classname="org.apache.zookeeper.server.ServerIdTest" time="0.29"/>
  <testcase name="doTest{boolean, int}[41]" classname="org.apache.zookeeper.server.ServerIdTest" time="0.298"/>
  <testcase name="doTest{boolean, int}[42]" classname="org.apache.zookeeper.server.ServerIdTest" time="0.261"/>
  <testcase name="doTest{boolean, int}[43]" classname="org.apache.zookeeper.server.ServerIdTest" time="0.304"/>
  <testcase name="doTest{boolean, int}[44]" classname="org.apache.zookeeper.server.ServerIdTest" time="0.307"/>
  <testcase name="doTest{boolean, int}[45]" classname="org.apache.zookeeper.server.ServerIdTest" time="0.311"/>
  <testcase name="doTest{boolean, int}[46]" classname="org.apache.zookeeper.server.ServerIdTest" time="0.288"/>
  <testcase name="doTest{boolean, int}[47]" classname="org.apache.zookeeper.server.ServerIdTest" time="0.264"/>
  <testcase name="doTest{boolean, int}[48]" classname="org.apache.zookeeper.server.ServerIdTest" time="0.248"/>
  <testcase name="doTest{boolean, int}[49]" classname="org.apache.zookeeper.server.ServerIdTest" time="0.242"/>
  <testcase name="doTest{boolean, int}[50]" classname="org.apache.zookeeper.server.ServerIdTest" time="0.25"/>
  <testcase name="doTest{boolean, int}[51]" classname="org.apache.zookeeper.server.ServerIdTest" time="0.255"/>
  <testcase name="doTest{boolean, int}[52]" classname="org.apache.zookeeper.server.ServerIdTest" time="0.252"/>
  <testcase name="doTest{boolean, int}[53]" classname="org.apache.zookeeper.server.ServerIdTest" time="0.307"/>
  <testcase name="doTest{boolean, int}[54]" classname="org.apache.zookeeper.server.ServerIdTest" time="0.362"/>
  <testcase name="doTest{boolean, int}[55]" classname="org.apache.zookeeper.server.ServerIdTest" time="0.317"/>
  <testcase name="doTest{boolean, int}[56]" classname="org.apache.zookeeper.server.ServerIdTest" time="0.303"/>
  <testcase name="doTest{boolean, int}[57]" classname="org.apache.zookeeper.server.ServerIdTest" time="0.383"/>
  <testcase name="doTest{boolean, int}[58]" classname="org.apache.zookeeper.server.ServerIdTest" time="0.263"/>
  <testcase name="doTest{boolean, int}[59]" classname="org.apache.zookeeper.server.ServerIdTest" time="0.307"/>
  <testcase name="doTest{boolean, int}[60]" classname="org.apache.zookeeper.server.ServerIdTest" time="0.359"/>
  <testcase name="doTest{boolean, int}[61]" classname="org.apache.zookeeper.server.ServerIdTest" time="0.402"/>
  <testcase name="doTest{boolean, int}[62]" classname="org.apache.zookeeper.server.ServerIdTest" time="0.273"/>
  <testcase name="doTest{boolean, int}[63]" classname="org.apache.zookeeper.server.ServerIdTest" time="0.281"/>
  <testcase name="doTest{boolean, int}[64]" classname="org.apache.zookeeper.server.ServerIdTest" time="0.26"/>
  <testcase name="doTest{boolean, int}[65]" classname="org.apache.zookeeper.server.ServerIdTest" time="0.252"/>
  <testcase name="doTest{boolean, int}[66]" classname="org.apache.zookeeper.server.ServerIdTest" time="0.227"/>
  <testcase name="doTest{boolean, int}[67]" classname="org.apache.zookeeper.server.ServerIdTest" time="0.252"/>
  <testcase name="doTest{boolean, int}[68]" classname="org.apache.zookeeper.server.ServerIdTest" time="0.256"/>
  <testcase name="doTest{boolean, int}[69]" classname="org.apache.zookeeper.server.ServerIdTest" time="0.241"/>
  <testcase name="doTest{boolean, int}[70]" classname="org.apache.zookeeper.server.ServerIdTest" time="0.256"/>
  <testcase name="doTest{boolean, int}[71]" classname="org.apache.zookeeper.server.ServerIdTest" time="0.256"/>
  <testcase name="doTest{boolean, int}[72]" classname="org.apache.zookeeper.server.ServerIdTest" time="0.232"/>
  <testcase name="doTest{boolean, int}[73]" classname="org.apache.zookeeper.server.ServerIdTest" time="0.234"/>
  <testcase name="doTest{boolean, int}[74]" classname="org.apache.zookeeper.server.ServerIdTest" time="0.241"/>
  <testcase name="doTest{boolean, int}[75]" classname="org.apache.zookeeper.server.ServerIdTest" time="0.262"/>
  <testcase name="doTest{boolean, int}[76]" classname="org.apache.zookeeper.server.ServerIdTest" time="0.248"/>
  <testcase name="doTest{boolean, int}[77]" classname="org.apache.zookeeper.server.ServerIdTest" time="0.256"/>
  <testcase name="doTest{boolean, int}[78]" classname="org.apache.zookeeper.server.ServerIdTest" time="0.269"/>
  <testcase name="doTest{boolean, int}[79]" classname="org.apache.zookeeper.server.ServerIdTest" time="0.253"/>
  <testcase name="doTest{boolean, int}[80]" classname="org.apache.zookeeper.server.ServerIdTest" time="0.249"/>
  <testcase name="doTest{boolean, int}[81]" classname="org.apache.zookeeper.server.ServerIdTest" time="0.252"/>
  <testcase name="doTest{boolean, int}[82]" classname="org.apache.zookeeper.server.ServerIdTest" time="0.234"/>
  <testcase name="doTest{boolean, int}[83]" classname="org.apache.zookeeper.server.ServerIdTest" time="0.255"/>
  <testcase name="doTest{boolean, int}[84]" classname="org.apache.zookeeper.server.ServerIdTest" time="0.252"/>
  <testcase name="doTest{boolean, int}[85]" classname="org.apache.zookeeper.server.ServerIdTest" time="0.238"/>
  <testcase name="doTest{boolean, int}[86]" classname="org.apache.zookeeper.server.ServerIdTest" time="0.248"/>
  <testcase name="doTest{boolean, int}[87]" classname="org.apache.zookeeper.server.ServerIdTest" time="0.247"/>
  <testcase name="doTest{boolean, int}[88]" classname="org.apache.zookeeper.server.ServerIdTest" time="0.317"/>
  <testcase name="doTest{boolean, int}[89]" classname="org.apache.zookeeper.server.ServerIdTest" time="0.252"/>
  <testcase name="doTest{boolean, int}[90]" classname="org.apache.zookeeper.server.ServerIdTest" time="0.238"/>
  <testcase name="doTest{boolean, int}[91]" classname="org.apache.zookeeper.server.ServerIdTest" time="0.253"/>
  <testcase name="doTest{boolean, int}[92]" classname="org.apache.zookeeper.server.ServerIdTest" time="0.27"/>
  <testcase name="doTest{boolean, int}[93]" classname="org.apache.zookeeper.server.ServerIdTest" time="0.257"/>
  <testcase name="doTest{boolean, int}[94]" classname="org.apache.zookeeper.server.ServerIdTest" time="0.245"/>
  <testcase name="doTest{boolean, int}[95]" classname="org.apache.zookeeper.server.ServerIdTest" time="0.285"/>
  <testcase name="doTest{boolean, int}[96]" classname="org.apache.zookeeper.server.ServerIdTest" time="0.282"/>
  <testcase name="doTest{boolean, int}[97]" classname="org.apache.zookeeper.server.ServerIdTest" time="0.269"/>
  <testcase name="doTest{boolean, int}[98]" classname="org.apache.zookeeper.server.ServerIdTest" time="0.254"/>
  <testcase name="doTest{boolean, int}[99]" classname="org.apache.zookeeper.server.ServerIdTest" time="0.249"/>
  <testcase name="doTest{boolean, int}[100]" classname="org.apache.zookeeper.server.ServerIdTest" time="0.293"/>
  <testcase name="doTest{boolean, int}[101]" classname="org.apache.zookeeper.server.ServerIdTest" time="0.253"/>
  <testcase name="doTest{boolean, int}[102]" classname="org.apache.zookeeper.server.ServerIdTest" time="0.299"/>
  <testcase name="doTest{boolean, int}[103]" classname="org.apache.zookeeper.server.ServerIdTest" time="0.269"/>
  <testcase name="doTest{boolean, int}[104]" classname="org.apache.zookeeper.server.ServerIdTest" time="0.265"/>
  <testcase name="doTest{boolean, int}[105]" classname="org.apache.zookeeper.server.ServerIdTest" time="0.257"/>
  <testcase name="doTest{boolean, int}[106]" classname="org.apache.zookeeper.server.ServerIdTest" time="0.255"/>
  <testcase name="doTest{boolean, int}[107]" classname="org.apache.zookeeper.server.ServerIdTest" time="0.248"/>
  <testcase name="doTest{boolean, int}[108]" classname="org.apache.zookeeper.server.ServerIdTest" time="0.306"/>
  <testcase name="doTest{boolean, int}[109]" classname="org.apache.zookeeper.server.ServerIdTest" time="0.306"/>
  <testcase name="doTest{boolean, int}[110]" classname="org.apache.zookeeper.server.ServerIdTest" time="0.281"/>
  <testcase name="doTest{boolean, int}[111]" classname="org.apache.zookeeper.server.ServerIdTest" time="0.395"/>
  <testcase name="doTest{boolean, int}[112]" classname="org.apache.zookeeper.server.ServerIdTest" time="0.355"/>
  <testcase name="doTest{boolean, int}[113]" classname="org.apache.zookeeper.server.ServerIdTest" time="0.373"/>
  <testcase name="doTest{boolean, int}[114]" classname="org.apache.zookeeper.server.ServerIdTest" time="0.332"/>
  <testcase name="doTest{boolean, int}[115]" classname="org.apache.zookeeper.server.ServerIdTest" time="0.415"/>
  <testcase name="doTest{boolean, int}[116]" classname="org.apache.zookeeper.server.ServerIdTest" time="0.531"/>
  <testcase name="doTest{boolean, int}[117]" classname="org.apache.zookeeper.server.ServerIdTest" time="0.39"/>
  <testcase name="doTest{boolean, int}[118]" classname="org.apache.zookeeper.server.ServerIdTest" time="0.443"/>
  <testcase name="doTest{boolean, int}[119]" classname="org.apache.zookeeper.server.ServerIdTest" time="0.544"/>
  <testcase name="doTest{boolean, int}[120]" classname="org.apache.zookeeper.server.ServerIdTest" time="0.436"/>
  <testcase name="doTest{boolean, int}[121]" classname="org.apache.zookeeper.server.ServerIdTest" time="0.29"/>
  <testcase name="doTest{boolean, int}[122]" classname="org.apache.zookeeper.server.ServerIdTest" time="0.294"/>
  <testcase name="doTest{boolean, int}[123]" classname="org.apache.zookeeper.server.ServerIdTest" time="0.256"/>
  <testcase name="doTest{boolean, int}[124]" classname="org.apache.zookeeper.server.ServerIdTest" time="0.239"/>
  <testcase name="doTest{boolean, int}[125]" classname="org.apache.zookeeper.server.ServerIdTest" time="0.239"/>
  <testcase name="doTest{boolean, int}[126]" classname="org.apache.zookeeper.server.ServerIdTest" time="0.239"/>
  <testcase name="doTest{boolean, int}[127]" classname="org.apache.zookeeper.server.ServerIdTest" time="0.233"/>
  <testcase name="doTest{boolean, int}[128]" classname="org.apache.zookeeper.server.ServerIdTest" time="0.277"/>
  <testcase name="doTest{boolean, int}[129]" classname="org.apache.zookeeper.server.ServerIdTest" time="0.235"/>
  <testcase name="doTest{boolean, int}[130]" classname="org.apache.zookeeper.server.ServerIdTest" time="0.247"/>
  <testcase name="doTest{boolean, int}[131]" classname="org.apache.zookeeper.server.ServerIdTest" time="0.234"/>
  <testcase name="doTest{boolean, int}[132]" classname="org.apache.zookeeper.server.ServerIdTest" time="0.236"/>
  <testcase name="doTest{boolean, int}[133]" classname="org.apache.zookeeper.server.ServerIdTest" time="0.248"/>
  <testcase name="doTest{boolean, int}[134]" classname="org.apache.zookeeper.server.ServerIdTest" time="0.252"/>
  <testcase name="doTest{boolean, int}[135]" classname="org.apache.zookeeper.server.ServerIdTest" time="0.242"/>
  <testcase name="doTest{boolean, int}[136]" classname="org.apache.zookeeper.server.ServerIdTest" time="0.239"/>
  <testcase name="doTest{boolean, int}[137]" classname="org.apache.zookeeper.server.ServerIdTest" time="0.259"/>
  <testcase name="doTest{boolean, int}[138]" classname="org.apache.zookeeper.server.ServerIdTest" time="0.243"/>
  <testcase name="doTest{boolean, int}[139]" classname="org.apache.zookeeper.server.ServerIdTest" time="0.239"/>
  <testcase name="doTest{boolean, int}[140]" classname="org.apache.zookeeper.server.ServerIdTest" time="0.255"/>
  <testcase name="doTest{boolean, int}[141]" classname="org.apache.zookeeper.server.ServerIdTest" time="0.267"/>
  <testcase name="doTest{boolean, int}[142]" classname="org.apache.zookeeper.server.ServerIdTest" time="0.269"/>
  <testcase name="doTest{boolean, int}[143]" classname="org.apache.zookeeper.server.ServerIdTest" time="0.248"/>
  <testcase name="doTest{boolean, int}[144]" classname="org.apache.zookeeper.server.ServerIdTest" time="0.283"/>
  <testcase name="doTest{boolean, int}[145]" classname="org.apache.zookeeper.server.ServerIdTest" time="0.362"/>
  <testcase name="doTest{boolean, int}[146]" classname="org.apache.zookeeper.server.ServerIdTest" time="0.411"/>
  <testcase name="doTest{boolean, int}[147]" classname="org.apache.zookeeper.server.ServerIdTest" time="0.354"/>
  <testcase name="doTest{boolean, int}[148]" classname="org.apache.zookeeper.server.ServerIdTest" time="0.357"/>
  <testcase name="doTest{boolean, int}[149]" classname="org.apache.zookeeper.server.ServerIdTest" time="0.363"/>
  <testcase name="doTest{boolean, int}[150]" classname="org.apache.zookeeper.server.ServerIdTest" time="0.318"/>
  <testcase name="doTest{boolean, int}[151]" classname="org.apache.zookeeper.server.ServerIdTest" time="0.321"/>
  <testcase name="doTest{boolean, int}[152]" classname="org.apache.zookeeper.server.ServerIdTest" time="0.398"/>
  <testcase name="doTest{boolean, int}[153]" classname="org.apache.zookeeper.server.ServerIdTest" time="0.326"/>
  <testcase name="doTest{boolean, int}[154]" classname="org.apache.zookeeper.server.ServerIdTest" time="0.337"/>
  <testcase name="doTest{boolean, int}[155]" classname="org.apache.zookeeper.server.ServerIdTest" time="0.353"/>
  <testcase name="doTest{boolean, int}[156]" classname="org.apache.zookeeper.server.ServerIdTest" time="0.363"/>
  <testcase name="doTest{boolean, int}[157]" classname="org.apache.zookeeper.server.ServerIdTest" time="0.396"/>
  <testcase name="doTest{boolean, int}[158]" classname="org.apache.zookeeper.server.ServerIdTest" time="0.304"/>
  <testcase name="doTest{boolean, int}[159]" classname="org.apache.zookeeper.server.ServerIdTest" time="0.321"/>
  <testcase name="doTest{boolean, int}[160]" classname="org.apache.zookeeper.server.ServerIdTest" time="0.363"/>
  <testcase name="doTest{boolean, int}[161]" classname="org.apache.zookeeper.server.ServerIdTest" time="0.394"/>
  <testcase name="doTest{boolean, int}[162]" classname="org.apache.zookeeper.server.ServerIdTest" time="0.362"/>
  <testcase name="doTest{boolean, int}[163]" classname="org.apache.zookeeper.server.ServerIdTest" time="0.349"/>
  <testcase name="doTest{boolean, int}[164]" classname="org.apache.zookeeper.server.ServerIdTest" time="0.384"/>
  <testcase name="doTest{boolean, int}[165]" classname="org.apache.zookeeper.server.ServerIdTest" time="0.366"/>
  <testcase name="doTest{boolean, int}[166]" classname="org.apache.zookeeper.server.ServerIdTest" time="0.409"/>
  <testcase name="doTest{boolean, int}[167]" classname="org.apache.zookeeper.server.ServerIdTest" time="0.369"/>
  <testcase name="doTest{boolean, int}[168]" classname="org.apache.zookeeper.server.ServerIdTest" time="0.41"/>
  <testcase name="doTest{boolean, int}[169]" classname="org.apache.zookeeper.server.ServerIdTest" time="0.346"/>
  <testcase name="doTest{boolean, int}[170]" classname="org.apache.zookeeper.server.ServerIdTest" time="0.347"/>
  <testcase name="doTest{boolean, int}[171]" classname="org.apache.zookeeper.server.ServerIdTest" time="0.362"/>
  <testcase name="doTest{boolean, int}[172]" classname="org.apache.zookeeper.server.ServerIdTest" time="0.354"/>
  <testcase name="doTest{boolean, int}[173]" classname="org.apache.zookeeper.server.ServerIdTest" time="0.369"/>
  <testcase name="doTest{boolean, int}[174]" classname="org.apache.zookeeper.server.ServerIdTest" time="0.357"/>
  <testcase name="doTest{boolean, int}[175]" classname="org.apache.zookeeper.server.ServerIdTest" time="0.337"/>
  <testcase name="doTest{boolean, int}[176]" classname="org.apache.zookeeper.server.ServerIdTest" time="0.383"/>
  <testcase name="doTest{boolean, int}[177]" classname="org.apache.zookeeper.server.ServerIdTest" time="0.454"/>
  <testcase name="doTest{boolean, int}[178]" classname="org.apache.zookeeper.server.ServerIdTest" time="0.312"/>
  <testcase name="doTest{boolean, int}[179]" classname="org.apache.zookeeper.server.ServerIdTest" time="0.256"/>
  <testcase name="doTest{boolean, int}[180]" classname="org.apache.zookeeper.server.ServerIdTest" time="0.26"/>
  <testcase name="doTest{boolean, int}[181]" classname="org.apache.zookeeper.server.ServerIdTest" time="0.235"/>
  <testcase name="doTest{boolean, int}[182]" classname="org.apache.zookeeper.server.ServerIdTest" time="0.242"/>
  <testcase name="doTest{boolean, int}[183]" classname="org.apache.zookeeper.server.ServerIdTest" time="0.255"/>
  <testcase name="doTest{boolean, int}[184]" classname="org.apache.zookeeper.server.ServerIdTest" time="0.25"/>
  <testcase name="doTest{boolean, int}[185]" classname="org.apache.zookeeper.server.ServerIdTest" time="0.233"/>
  <testcase name="doTest{boolean, int}[186]" classname="org.apache.zookeeper.server.ServerIdTest" time="0.241"/>
  <testcase name="doTest{boolean, int}[187]" classname="org.apache.zookeeper.server.ServerIdTest" time="0.265"/>
  <testcase name="doTest{boolean, int}[188]" classname="org.apache.zookeeper.server.ServerIdTest" time="0.271"/>
  <testcase name="doTest{boolean, int}[189]" classname="org.apache.zookeeper.server.ServerIdTest" time="0.277"/>
  <testcase name="doTest{boolean, int}[190]" classname="org.apache.zookeeper.server.ServerIdTest" time="0.257"/>
  <testcase name="doTest{boolean, int}[191]" classname="org.apache.zookeeper.server.ServerIdTest" time="0.39"/>
  <testcase name="doTest{boolean, int}[192]" classname="org.apache.zookeeper.server.ServerIdTest" time="0.325"/>
  <testcase name="doTest{boolean, int}[193]" classname="org.apache.zookeeper.server.ServerIdTest" time="0.258"/>
  <testcase name="doTest{boolean, int}[194]" classname="org.apache.zookeeper.server.ServerIdTest" time="0.235"/>
  <testcase name="doTest{boolean, int}[195]" classname="org.apache.zookeeper.server.ServerIdTest" time="0.278"/>
  <testcase name="doTest{boolean, int}[196]" classname="org.apache.zookeeper.server.ServerIdTest" time="0.26"/>
  <testcase name="doTest{boolean, int}[197]" classname="org.apache.zookeeper.server.ServerIdTest" time="0.246"/>
  <testcase name="doTest{boolean, int}[198]" classname="org.apache.zookeeper.server.ServerIdTest" time="0.236"/>
  <testcase name="doTest{boolean, int}[199]" classname="org.apache.zookeeper.server.ServerIdTest" time="0.252"/>
  <testcase name="doTest{boolean, int}[200]" classname="org.apache.zookeeper.server.ServerIdTest" time="0.253"/>
  <testcase name="doTest{boolean, int}[201]" classname="org.apache.zookeeper.server.ServerIdTest" time="0.234"/>
  <testcase name="doTest{boolean, int}[202]" classname="org.apache.zookeeper.server.ServerIdTest" time="0.235"/>
  <testcase name="doTest{boolean, int}[203]" classname="org.apache.zookeeper.server.ServerIdTest" time="0.249"/>
  <testcase name="doTest{boolean, int}[204]" classname="org.apache.zookeeper.server.ServerIdTest" time="0.249"/>
  <testcase name="doTest{boolean, int}[205]" classname="org.apache.zookeeper.server.ServerIdTest" time="0.255"/>
  <testcase name="doTest{boolean, int}[206]" classname="org.apache.zookeeper.server.ServerIdTest" time="0.301"/>
  <testcase name="doTest{boolean, int}[207]" classname="org.apache.zookeeper.server.ServerIdTest" time="0.355"/>
  <testcase name="doTest{boolean, int}[208]" classname="org.apache.zookeeper.server.ServerIdTest" time="0.414"/>
  <testcase name="doTest{boolean, int}[209]" classname="org.apache.zookeeper.server.ServerIdTest" time="0.328"/>
  <testcase name="doTest{boolean, int}[210]" classname="org.apache.zookeeper.server.ServerIdTest" time="0.306"/>
  <testcase name="doTest{boolean, int}[211]" classname="org.apache.zookeeper.server.ServerIdTest" time="0.288"/>
  <testcase name="doTest{boolean, int}[212]" classname="org.apache.zookeeper.server.ServerIdTest" time="0.243"/>
  <testcase name="doTest{boolean, int}[213]" classname="org.apache.zookeeper.server.ServerIdTest" time="0.382"/>
  <testcase name="doTest{boolean, int}[214]" classname="org.apache.zookeeper.server.ServerIdTest" time="0.427"/>
  <testcase name="doTest{boolean, int}[215]" classname="org.apache.zookeeper.server.ServerIdTest" time="0.413"/>
  <testcase name="doTest{boolean, int}[216]" classname="org.apache.zookeeper.server.ServerIdTest" time="0.433"/>
  <testcase name="doTest{boolean, int}[217]" classname="org.apache.zookeeper.server.ServerIdTest" time="0.387"/>
  <testcase name="doTest{boolean, int}[218]" classname="org.apache.zookeeper.server.ServerIdTest" time="0.458"/>
  <testcase name="doTest{boolean, int}[219]" classname="org.apache.zookeeper.server.ServerIdTest" time="0.563"/>
  <testcase name="doTest{boolean, int}[220]" classname="org.apache.zookeeper.server.ServerIdTest" time="0.45"/>
  <testcase name="doTest{boolean, int}[221]" classname="org.apache.zookeeper.server.ServerIdTest" time="0.598"/>
  <testcase name="doTest{boolean, int}[222]" classname="org.apache.zookeeper.server.ServerIdTest" time="0.615"/>
  <testcase name="doTest{boolean, int}[223]" classname="org.apache.zookeeper.server.ServerIdTest" time="0.475"/>
  <testcase name="doTest{boolean, int}[224]" classname="org.apache.zookeeper.server.ServerIdTest" time="0.506"/>
  <testcase name="doTest{boolean, int}[225]" classname="org.apache.zookeeper.server.ServerIdTest" time="0.415"/>
  <testcase name="doTest{boolean, int}[226]" classname="org.apache.zookeeper.server.ServerIdTest" time="0.388"/>
  <testcase name="doTest{boolean, int}[227]" classname="org.apache.zookeeper.server.ServerIdTest" time="0.326"/>
  <testcase name="doTest{boolean, int}[228]" classname="org.apache.zookeeper.server.ServerIdTest" time="0.445"/>
  <testcase name="doTest{boolean, int}[229]" classname="org.apache.zookeeper.server.ServerIdTest" time="0.585"/>
  <testcase name="doTest{boolean, int}[230]" classname="org.apache.zookeeper.server.ServerIdTest" time="0.47"/>
  <testcase name="doTest{boolean, int}[231]" classname="org.apache.zookeeper.server.ServerIdTest" time="0.477"/>
  <testcase name="doTest{boolean, int}[232]" classname="org.apache.zookeeper.server.ServerIdTest" time="0.5"/>
  <testcase name="doTest{boolean, int}[233]" classname="org.apache.zookeeper.server.ServerIdTest" time="0.478"/>
  <testcase name="doTest{boolean, int}[234]" classname="org.apache.zookeeper.server.ServerIdTest" time="0.526"/>
  <testcase name="doTest{boolean, int}[235]" classname="org.apache.zookeeper.server.ServerIdTest" time="0.819"/>
  <testcase name="doTest{boolean, int}[236]" classname="org.apache.zookeeper.server.ServerIdTest" time="0.785"/>
  <testcase name="doTest{boolean, int}[237]" classname="org.apache.zookeeper.server.ServerIdTest" time="0.74"/>
  <testcase name="doTest{boolean, int}[238]" classname="org.apache.zookeeper.server.ServerIdTest" time="0.447"/>
  <testcase name="doTest{boolean, int}[239]" classname="org.apache.zookeeper.server.ServerIdTest" time="0.552"/>
  <testcase name="doTest{boolean, int}[240]" classname="org.apache.zookeeper.server.ServerIdTest" time="0.492"/>
  <testcase name="doTest{boolean, int}[241]" classname="org.apache.zookeeper.server.ServerIdTest" time="0.535"/>
  <testcase name="doTest{boolean, int}[242]" classname="org.apache.zookeeper.server.ServerIdTest" time="0.43"/>
  <testcase name="doTest{boolean, int}[243]" classname="org.apache.zookeeper.server.ServerIdTest" time="0.493"/>
  <testcase name="doTest{boolean, int}[244]" classname="org.apache.zookeeper.server.ServerIdTest" time="0.49"/>
  <testcase name="doTest{boolean, int}[245]" classname="org.apache.zookeeper.server.ServerIdTest" time="0.572"/>
  <testcase name="doTest{boolean, int}[246]" classname="org.apache.zookeeper.server.ServerIdTest" time="0.521"/>
  <testcase name="doTest{boolean, int}[247]" classname="org.apache.zookeeper.server.ServerIdTest" time="0.524"/>
  <testcase name="doTest{boolean, int}[248]" classname="org.apache.zookeeper.server.ServerIdTest" time="0.604"/>
  <testcase name="doTest{boolean, int}[249]" classname="org.apache.zookeeper.server.ServerIdTest" time="0.587"/>
  <testcase name="doTest{boolean, int}[250]" classname="org.apache.zookeeper.server.ServerIdTest" time="0.445"/>
  <testcase name="doTest{boolean, int}[251]" classname="org.apache.zookeeper.server.ServerIdTest" time="0.68"/>
  <testcase name="doTest{boolean, int}[252]" classname="org.apache.zookeeper.server.ServerIdTest" time="0.564"/>
  <testcase name="doTest{boolean, int}[253]" classname="org.apache.zookeeper.server.ServerIdTest" time="0.774"/>
  <testcase name="doTest{boolean, int}[254]" classname="org.apache.zookeeper.server.ServerIdTest" time="0.49"/>
  <testcase name="doTest{boolean, int}[255]" classname="org.apache.zookeeper.server.ServerIdTest" time="0.277"/>
  <testcase name="doTest{boolean, int}[256]" classname="org.apache.zookeeper.server.ServerIdTest" time="0.157"/>
  <testcase name="doTest{boolean, int}[257]" classname="org.apache.zookeeper.server.ServerIdTest" time="0.734"/>
  <testcase name="doTest{boolean, int}[258]" classname="org.apache.zookeeper.server.ServerIdTest" time="0.395"/>
  <testcase name="doTest{boolean, int}[259]" classname="org.apache.zookeeper.server.ServerIdTest" time="0.483"/>
  <testcase name="doTest{boolean, int}[260]" classname="org.apache.zookeeper.server.ServerIdTest" time="0.433"/>
  <testcase name="doTest{boolean, int}[261]" classname="org.apache.zookeeper.server.ServerIdTest" time="0.522"/>
  <testcase name="doTest{boolean, int}[262]" classname="org.apache.zookeeper.server.ServerIdTest" time="0.451"/>
  <testcase name="doTest{boolean, int}[263]" classname="org.apache.zookeeper.server.ServerIdTest" time="0.642"/>
  <testcase name="doTest{boolean, int}[264]" classname="org.apache.zookeeper.server.ServerIdTest" time="0.489"/>
  <testcase name="doTest{boolean, int}[265]" classname="org.apache.zookeeper.server.ServerIdTest" time="0.501"/>
  <testcase name="doTest{boolean, int}[266]" classname="org.apache.zookeeper.server.ServerIdTest" time="0.449"/>
  <testcase name="doTest{boolean, int}[267]" classname="org.apache.zookeeper.server.ServerIdTest" time="0.431"/>
  <testcase name="doTest{boolean, int}[268]" classname="org.apache.zookeeper.server.ServerIdTest" time="0.451"/>
  <testcase name="doTest{boolean, int}[269]" classname="org.apache.zookeeper.server.ServerIdTest" time="0.563"/>
  <testcase name="doTest{boolean, int}[270]" classname="org.apache.zookeeper.server.ServerIdTest" time="0.491"/>
  <testcase name="doTest{boolean, int}[271]" classname="org.apache.zookeeper.server.ServerIdTest" time="0.503"/>
  <testcase name="doTest{boolean, int}[272]" classname="org.apache.zookeeper.server.ServerIdTest" time="0.484"/>
  <testcase name="doTest{boolean, int}[273]" classname="org.apache.zookeeper.server.ServerIdTest" time="0.519"/>
  <testcase name="doTest{boolean, int}[274]" classname="org.apache.zookeeper.server.ServerIdTest" time="0.485"/>
  <testcase name="doTest{boolean, int}[275]" classname="org.apache.zookeeper.server.ServerIdTest" time="0.443"/>
  <testcase name="doTest{boolean, int}[276]" classname="org.apache.zookeeper.server.ServerIdTest" time="0.501"/>
  <testcase name="doTest{boolean, int}[277]" classname="org.apache.zookeeper.server.ServerIdTest" time="0.579"/>
  <testcase name="doTest{boolean, int}[278]" classname="org.apache.zookeeper.server.ServerIdTest" time="0.467"/>
  <testcase name="doTest{boolean, int}[279]" classname="org.apache.zookeeper.server.ServerIdTest" time="0.469"/>
  <testcase name="doTest{boolean, int}[280]" classname="org.apache.zookeeper.server.ServerIdTest" time="0.482"/>
  <testcase name="doTest{boolean, int}[281]" classname="org.apache.zookeeper.server.ServerIdTest" time="0.499"/>
  <testcase name="doTest{boolean, int}[282]" classname="org.apache.zookeeper.server.ServerIdTest" time="0.388"/>
  <testcase name="doTest{boolean, int}[283]" classname="org.apache.zookeeper.server.ServerIdTest" time="0.524"/>
  <testcase name="doTest{boolean, int}[284]" classname="org.apache.zookeeper.server.ServerIdTest" time="0.565"/>
  <testcase name="doTest{boolean, int}[285]" classname="org.apache.zookeeper.server.ServerIdTest" time="0.672"/>
  <testcase name="doTest{boolean, int}[286]" classname="org.apache.zookeeper.server.ServerIdTest" time="0.542"/>
  <testcase name="doTest{boolean, int}[287]" classname="org.apache.zookeeper.server.ServerIdTest" time="0.53"/>
  <testcase name="doTest{boolean, int}[288]" classname="org.apache.zookeeper.server.ServerIdTest" time="0.411"/>
  <testcase name="doTest{boolean, int}[289]" classname="org.apache.zookeeper.server.ServerIdTest" time="0.383"/>
  <testcase name="doTest{boolean, int}[290]" classname="org.apache.zookeeper.server.ServerIdTest" time="0.457"/>
  <testcase name="doTest{boolean, int}[291]" classname="org.apache.zookeeper.server.ServerIdTest" time="0.373"/>
  <testcase name="doTest{boolean, int}[292]" classname="org.apache.zookeeper.server.ServerIdTest" time="0.338"/>
  <testcase name="doTest{boolean, int}[293]" classname="org.apache.zookeeper.server.ServerIdTest" time="0.439"/>
  <testcase name="doTest{boolean, int}[294]" classname="org.apache.zookeeper.server.ServerIdTest" time="0.539"/>
  <testcase name="doTest{boolean, int}[295]" classname="org.apache.zookeeper.server.ServerIdTest" time="0.766"/>
  <testcase name="doTest{boolean, int}[296]" classname="org.apache.zookeeper.server.ServerIdTest" time="0.774"/>
  <testcase name="doTest{boolean, int}[297]" classname="org.apache.zookeeper.server.ServerIdTest" time="0.761"/>
  <testcase name="doTest{boolean, int}[298]" classname="org.apache.zookeeper.server.ServerIdTest" time="0.591"/>
  <testcase name="doTest{boolean, int}[299]" classname="org.apache.zookeeper.server.ServerIdTest" time="0.559"/>
  <testcase name="doTest{boolean, int}[300]" classname="org.apache.zookeeper.server.ServerIdTest" time="0.449"/>
  <testcase name="doTest{boolean, int}[301]" classname="org.apache.zookeeper.server.ServerIdTest" time="0.572"/>
  <testcase name="doTest{boolean, int}[302]" classname="org.apache.zookeeper.server.ServerIdTest" time="0.496"/>
  <testcase name="doTest{boolean, int}[303]" classname="org.apache.zookeeper.server.ServerIdTest" time="0.502"/>
  <testcase name="doTest{boolean, int}[304]" classname="org.apache.zookeeper.server.ServerIdTest" time="0.495"/>
  <testcase name="doTest{boolean, int}[305]" classname="org.apache.zookeeper.server.ServerIdTest" time="0.607"/>
  <testcase name="doTest{boolean, int}[306]" classname="org.apache.zookeeper.server.ServerIdTest" time="0.9"/>
  <testcase name="doTest{boolean, int}[307]" classname="org.apache.zookeeper.server.ServerIdTest" time="0.77"/>
  <testcase name="doTest{boolean, int}[308]" classname="org.apache.zookeeper.server.ServerIdTest" time="0.776"/>
  <testcase name="doTest{boolean, int}[309]" classname="org.apache.zookeeper.server.ServerIdTest" time="1.053"/>
  <testcase name="doTest{boolean, int}[310]" classname="org.apache.zookeeper.server.ServerIdTest" time="0.661"/>
  <testcase name="doTest{boolean, int}[311]" classname="org.apache.zookeeper.server.ServerIdTest" time="0.904"/>
  <testcase name="doTest{boolean, int}[312]" classname="org.apache.zookeeper.server.ServerIdTest" time="0.485"/>
  <testcase name="doTest{boolean, int}[313]" classname="org.apache.zookeeper.server.ServerIdTest" time="0.653"/>
  <testcase name="doTest{boolean, int}[314]" classname="org.apache.zookeeper.server.ServerIdTest" time="0.756"/>
  <testcase name="doTest{boolean, int}[315]" classname="org.apache.zookeeper.server.ServerIdTest" time="0.72"/>
  <testcase name="doTest{boolean, int}[316]" classname="org.apache.zookeeper.server.ServerIdTest" time="0.488"/>
  <testcase name="doTest{boolean, int}[317]" classname="org.apache.zookeeper.server.ServerIdTest" time="0.509"/>
  <testcase name="doTest{boolean, int}[318]" classname="org.apache.zookeeper.server.ServerIdTest" time="0.521"/>
  <testcase name="doTest{boolean, int}[319]" classname="org.apache.zookeeper.server.ServerIdTest" time="0.569"/>
  <testcase name="doTest{boolean, int}[320]" classname="org.apache.zookeeper.server.ServerIdTest" time="0.468"/>
  <testcase name="doTest{boolean, int}[321]" classname="org.apache.zookeeper.server.ServerIdTest" time="0.776"/>
  <testcase name="doTest{boolean, int}[322]" classname="org.apache.zookeeper.server.ServerIdTest" time="0.611"/>
  <testcase name="doTest{boolean, int}[323]" classname="org.apache.zookeeper.server.ServerIdTest" time="0.566"/>
  <testcase name="doTest{boolean, int}[324]" classname="org.apache.zookeeper.server.ServerIdTest" time="0.679"/>
  <testcase name="doTest{boolean, int}[325]" classname="org.apache.zookeeper.server.ServerIdTest" time="0.649"/>
  <testcase name="doTest{boolean, int}[326]" classname="org.apache.zookeeper.server.ServerIdTest" time="0.447"/>
  <testcase name="doTest{boolean, int}[327]" classname="org.apache.zookeeper.server.ServerIdTest" time="0.935"/>
  <testcase name="doTest{boolean, int}[328]" classname="org.apache.zookeeper.server.ServerIdTest" time="0.805"/>
  <testcase name="doTest{boolean, int}[329]" classname="org.apache.zookeeper.server.ServerIdTest" time="0.445"/>
  <testcase name="doTest{boolean, int}[330]" classname="org.apache.zookeeper.server.ServerIdTest" time="0.361"/>
  <testcase name="doTest{boolean, int}[331]" classname="org.apache.zookeeper.server.ServerIdTest" time="0.409"/>
  <testcase name="doTest{boolean, int}[332]" classname="org.apache.zookeeper.server.ServerIdTest" time="0.41"/>
  <testcase name="doTest{boolean, int}[333]" classname="org.apache.zookeeper.server.ServerIdTest" time="0.497"/>
  <testcase name="doTest{boolean, int}[334]" classname="org.apache.zookeeper.server.ServerIdTest" time="0.414"/>
  <testcase name="doTest{boolean, int}[335]" classname="org.apache.zookeeper.server.ServerIdTest" time="0.486"/>
  <testcase name="doTest{boolean, int}[336]" classname="org.apache.zookeeper.server.ServerIdTest" time="0.437"/>
  <testcase name="doTest{boolean, int}[337]" classname="org.apache.zookeeper.server.ServerIdTest" time="0.516"/>
  <testcase name="doTest{boolean, int}[338]" classname="org.apache.zookeeper.server.ServerIdTest" time="0.419"/>
  <testcase name="doTest{boolean, int}[339]" classname="org.apache.zookeeper.server.ServerIdTest" time="0.442"/>
  <testcase name="doTest{boolean, int}[340]" classname="org.apache.zookeeper.server.ServerIdTest" time="0.574"/>
  <testcase name="doTest{boolean, int}[341]" classname="org.apache.zookeeper.server.ServerIdTest" time="0.445"/>
  <testcase name="doTest{boolean, int}[342]" classname="org.apache.zookeeper.server.ServerIdTest" time="0.481"/>
  <testcase name="doTest{boolean, int}[343]" classname="org.apache.zookeeper.server.ServerIdTest" time="0.35"/>
  <testcase name="doTest{boolean, int}[344]" classname="org.apache.zookeeper.server.ServerIdTest" time="0.514"/>
  <testcase name="doTest{boolean, int}[345]" classname="org.apache.zookeeper.server.ServerIdTest" time="0.374"/>
  <testcase name="doTest{boolean, int}[346]" classname="org.apache.zookeeper.server.ServerIdTest" time="0.282"/>
  <testcase name="doTest{boolean, int}[347]" classname="org.apache.zookeeper.server.ServerIdTest" time="0.262"/>
  <testcase name="doTest{boolean, int}[348]" classname="org.apache.zookeeper.server.ServerIdTest" time="0.283"/>
  <testcase name="doTest{boolean, int}[349]" classname="org.apache.zookeeper.server.ServerIdTest" time="0.416"/>
  <testcase name="doTest{boolean, int}[350]" classname="org.apache.zookeeper.server.ServerIdTest" time="0.49"/>
  <testcase name="doTest{boolean, int}[351]" classname="org.apache.zookeeper.server.ServerIdTest" time="0.516"/>
  <testcase name="doTest{boolean, int}[352]" classname="org.apache.zookeeper.server.ServerIdTest" time="0.664"/>
  <testcase name="doTest{boolean, int}[353]" classname="org.apache.zookeeper.server.ServerIdTest" time="0.343"/>
  <testcase name="doTest{boolean, int}[354]" classname="org.apache.zookeeper.server.ServerIdTest" time="0.491"/>
  <testcase name="doTest{boolean, int}[355]" classname="org.apache.zookeeper.server.ServerIdTest" time="0.459"/>
  <testcase name="doTest{boolean, int}[356]" classname="org.apache.zookeeper.server.ServerIdTest" time="0.563"/>
  <testcase name="doTest{boolean, int}[357]" classname="org.apache.zookeeper.server.ServerIdTest" time="0.456"/>
  <testcase name="doTest{boolean, int}[358]" classname="org.apache.zookeeper.server.ServerIdTest" time="0.503"/>
  <testcase name="doTest{boolean, int}[359]" classname="org.apache.zookeeper.server.ServerIdTest" time="0.598"/>
  <testcase name="doTest{boolean, int}[360]" classname="org.apache.zookeeper.server.ServerIdTest" time="0.501"/>
  <testcase name="doTest{boolean, int}[361]" classname="org.apache.zookeeper.server.ServerIdTest" time="0.469"/>
  <testcase name="doTest{boolean, int}[362]" classname="org.apache.zookeeper.server.ServerIdTest" time="0.571"/>
  <testcase name="doTest{boolean, int}[363]" classname="org.apache.zookeeper.server.ServerIdTest" time="0.394"/>
  <testcase name="doTest{boolean, int}[364]" classname="org.apache.zookeeper.server.ServerIdTest" time="0.424"/>
  <testcase name="doTest{boolean, int}[365]" classname="org.apache.zookeeper.server.ServerIdTest" time="0.397"/>
  <testcase name="doTest{boolean, int}[366]" classname="org.apache.zookeeper.server.ServerIdTest" time="0.505"/>
  <testcase name="doTest{boolean, int}[367]" classname="org.apache.zookeeper.server.ServerIdTest" time="0.439"/>
  <testcase name="doTest{boolean, int}[368]" classname="org.apache.zookeeper.server.ServerIdTest" time="0.388"/>
  <testcase name="doTest{boolean, int}[369]" classname="org.apache.zookeeper.server.ServerIdTest" time="0.376"/>
  <testcase name="doTest{boolean, int}[370]" classname="org.apache.zookeeper.server.ServerIdTest" time="0.59"/>
  <testcase name="doTest{boolean, int}[371]" classname="org.apache.zookeeper.server.ServerIdTest" time="0.398"/>
  <testcase name="doTest{boolean, int}[372]" classname="org.apache.zookeeper.server.ServerIdTest" time="0.477"/>
  <testcase name="doTest{boolean, int}[373]" classname="org.apache.zookeeper.server.ServerIdTest" time="0.467"/>
  <testcase name="doTest{boolean, int}[374]" classname="org.apache.zookeeper.server.ServerIdTest" time="0.438"/>
  <testcase name="doTest{boolean, int}[375]" classname="org.apache.zookeeper.server.ServerIdTest" time="0.457"/>
  <testcase name="doTest{boolean, int}[376]" classname="org.apache.zookeeper.server.ServerIdTest" time="0.46"/>
  <testcase name="doTest{boolean, int}[377]" classname="org.apache.zookeeper.server.ServerIdTest" time="0.47"/>
  <testcase name="doTest{boolean, int}[378]" classname="org.apache.zookeeper.server.ServerIdTest" time="0.542"/>
  <testcase name="doTest{boolean, int}[379]" classname="org.apache.zookeeper.server.ServerIdTest" time="0.411"/>
  <testcase name="doTest{boolean, int}[380]" classname="org.apache.zookeeper.server.ServerIdTest" time="0.424"/>
  <testcase name="doTest{boolean, int}[381]" classname="org.apache.zookeeper.server.ServerIdTest" time="0.455"/>
  <testcase name="doTest{boolean, int}[382]" classname="org.apache.zookeeper.server.ServerIdTest" time="0.469"/>
  <testcase name="doTest{boolean, int}[383]" classname="org.apache.zookeeper.server.ServerIdTest" time="0.465"/>
  <testcase name="doTest{boolean, int}[384]" classname="org.apache.zookeeper.server.ServerIdTest" time="0.517"/>
  <testcase name="doTest{boolean, int}[385]" classname="org.apache.zookeeper.server.ServerIdTest" time="0.646"/>
  <testcase name="doTest{boolean, int}[386]" classname="org.apache.zookeeper.server.ServerIdTest" time="0.788"/>
  <testcase name="doTest{boolean, int}[387]" classname="org.apache.zookeeper.server.ServerIdTest" time="0.534"/>
  <testcase name="doTest{boolean, int}[388]" classname="org.apache.zookeeper.server.ServerIdTest" time="0.452"/>
  <testcase name="doTest{boolean, int}[389]" classname="org.apache.zookeeper.server.ServerIdTest" time="0.492"/>
  <testcase name="doTest{boolean, int}[390]" classname="org.apache.zookeeper.server.ServerIdTest" time="0.426"/>
  <testcase name="doTest{boolean, int}[391]" classname="org.apache.zookeeper.server.ServerIdTest" time="0.432"/>
  <testcase name="doTest{boolean, int}[392]" classname="org.apache.zookeeper.server.ServerIdTest" time="0.432"/>
  <testcase name="doTest{boolean, int}[393]" classname="org.apache.zookeeper.server.ServerIdTest" time="0.335"/>
  <testcase name="doTest{boolean, int}[394]" classname="org.apache.zookeeper.server.ServerIdTest" time="0.405"/>
  <testcase name="doTest{boolean, int}[395]" classname="org.apache.zookeeper.server.ServerIdTest" time="0.381"/>
  <testcase name="doTest{boolean, int}[396]" classname="org.apache.zookeeper.server.ServerIdTest" time="0.512"/>
  <testcase name="doTest{boolean, int}[397]" classname="org.apache.zookeeper.server.ServerIdTest" time="0.404"/>
  <testcase name="doTest{boolean, int}[398]" classname="org.apache.zookeeper.server.ServerIdTest" time="0.445"/>
  <testcase name="doTest{boolean, int}[399]" classname="org.apache.zookeeper.server.ServerIdTest" time="0.503"/>
  <testcase name="doTest{boolean, int}[400]" classname="org.apache.zookeeper.server.ServerIdTest" time="0.467"/>
  <testcase name="doTest{boolean, int}[401]" classname="org.apache.zookeeper.server.ServerIdTest" time="0.499"/>
  <testcase name="doTest{boolean, int}[402]" classname="org.apache.zookeeper.server.ServerIdTest" time="0.624"/>
  <testcase name="doTest{boolean, int}[403]" classname="org.apache.zookeeper.server.ServerIdTest" time="0.48"/>
  <testcase name="doTest{boolean, int}[404]" classname="org.apache.zookeeper.server.ServerIdTest" time="0.584"/>
  <testcase name="doTest{boolean, int}[405]" classname="org.apache.zookeeper.server.ServerIdTest" time="0.373"/>
  <testcase name="doTest{boolean, int}[406]" classname="org.apache.zookeeper.server.ServerIdTest" time="0.39"/>
  <testcase name="doTest{boolean, int}[407]" classname="org.apache.zookeeper.server.ServerIdTest" time="0.503"/>
  <testcase name="doTest{boolean, int}[408]" classname="org.apache.zookeeper.server.ServerIdTest" time="0.445"/>
  <testcase name="doTest{boolean, int}[409]" classname="org.apache.zookeeper.server.ServerIdTest" time="0.705"/>
  <testcase name="doTest{boolean, int}[410]" classname="org.apache.zookeeper.server.ServerIdTest" time="0.348"/>
  <testcase name="doTest{boolean, int}[411]" classname="org.apache.zookeeper.server.ServerIdTest" time="0.551"/>
  <testcase name="doTest{boolean, int}[412]" classname="org.apache.zookeeper.server.ServerIdTest" time="0.513"/>
  <testcase name="doTest{boolean, int}[413]" classname="org.apache.zookeeper.server.ServerIdTest" time="0.428"/>
  <testcase name="doTest{boolean, int}[414]" classname="org.apache.zookeeper.server.ServerIdTest" time="0.376"/>
  <testcase name="doTest{boolean, int}[415]" classname="org.apache.zookeeper.server.ServerIdTest" time="0.481"/>
  <testcase name="doTest{boolean, int}[416]" classname="org.apache.zookeeper.server.ServerIdTest" time="0.468"/>
  <testcase name="doTest{boolean, int}[417]" classname="org.apache.zookeeper.server.ServerIdTest" time="0.43"/>
  <testcase name="doTest{boolean, int}[418]" classname="org.apache.zookeeper.server.ServerIdTest" time="0.476"/>
  <testcase name="doTest{boolean, int}[419]" classname="org.apache.zookeeper.server.ServerIdTest" time="0.416"/>
  <testcase name="doTest{boolean, int}[420]" classname="org.apache.zookeeper.server.ServerIdTest" time="0.436"/>
  <testcase name="doTest{boolean, int}[421]" classname="org.apache.zookeeper.server.ServerIdTest" time="0.396"/>
  <testcase name="doTest{boolean, int}[422]" classname="org.apache.zookeeper.server.ServerIdTest" time="0.45"/>
  <testcase name="doTest{boolean, int}[423]" classname="org.apache.zookeeper.server.ServerIdTest" time="0.484"/>
  <testcase name="doTest{boolean, int}[424]" classname="org.apache.zookeeper.server.ServerIdTest" time="0.409"/>
  <testcase name="doTest{boolean, int}[425]" classname="org.apache.zookeeper.server.ServerIdTest" time="0.485"/>
  <testcase name="doTest{boolean, int}[426]" classname="org.apache.zookeeper.server.ServerIdTest" time="0.619"/>
  <testcase name="doTest{boolean, int}[427]" classname="org.apache.zookeeper.server.ServerIdTest" time="0.404"/>
  <testcase name="doTest{boolean, int}[428]" classname="org.apache.zookeeper.server.ServerIdTest" time="0.649"/>
  <testcase name="doTest{boolean, int}[429]" classname="org.apache.zookeeper.server.ServerIdTest" time="0.391"/>
  <testcase name="doTest{boolean, int}[430]" classname="org.apache.zookeeper.server.ServerIdTest" time="0.279"/>
  <testcase name="doTest{boolean, int}[431]" classname="org.apache.zookeeper.server.ServerIdTest" time="0.256"/>
  <testcase name="doTest{boolean, int}[432]" classname="org.apache.zookeeper.server.ServerIdTest" time="0.292"/>
  <testcase name="doTest{boolean, int}[433]" classname="org.apache.zookeeper.server.ServerIdTest" time="0.294"/>
  <testcase name="doTest{boolean, int}[434]" classname="org.apache.zookeeper.server.ServerIdTest" time="0.26"/>
  <testcase name="doTest{boolean, int}[435]" classname="org.apache.zookeeper.server.ServerIdTest" time="0.298"/>
  <testcase name="doTest{boolean, int}[436]" classname="org.apache.zookeeper.server.ServerIdTest" time="0.273"/>
  <testcase name="doTest{boolean, int}[437]" classname="org.apache.zookeeper.server.ServerIdTest" time="0.234"/>
  <testcase name="doTest{boolean, int}[438]" classname="org.apache.zookeeper.server.ServerIdTest" time="0.248"/>
  <testcase name="doTest{boolean, int}[439]" classname="org.apache.zookeeper.server.ServerIdTest" time="0.238"/>
  <testcase name="doTest{boolean, int}[440]" classname="org.apache.zookeeper.server.ServerIdTest" time="0.27"/>
  <testcase name="doTest{boolean, int}[441]" classname="org.apache.zookeeper.server.ServerIdTest" time="0.241"/>
  <testcase name="doTest{boolean, int}[442]" classname="org.apache.zookeeper.server.ServerIdTest" time="0.337"/>
  <testcase name="doTest{boolean, int}[443]" classname="org.apache.zookeeper.server.ServerIdTest" time="0.336"/>
  <testcase name="doTest{boolean, int}[444]" classname="org.apache.zookeeper.server.ServerIdTest" time="0.272"/>
  <testcase name="doTest{boolean, int}[445]" classname="org.apache.zookeeper.server.ServerIdTest" time="0.242"/>
  <testcase name="doTest{boolean, int}[446]" classname="org.apache.zookeeper.server.ServerIdTest" time="0.219"/>
  <testcase name="doTest{boolean, int}[447]" classname="org.apache.zookeeper.server.ServerIdTest" time="0.232"/>
  <testcase name="doTest{boolean, int}[448]" classname="org.apache.zookeeper.server.ServerIdTest" time="0.247"/>
  <testcase name="doTest{boolean, int}[449]" classname="org.apache.zookeeper.server.ServerIdTest" time="0.229"/>
  <testcase name="doTest{boolean, int}[450]" classname="org.apache.zookeeper.server.ServerIdTest" time="0.252"/>
  <testcase name="doTest{boolean, int}[451]" classname="org.apache.zookeeper.server.ServerIdTest" time="0.244"/>
  <testcase name="doTest{boolean, int}[452]" classname="org.apache.zookeeper.server.ServerIdTest" time="0.252"/>
  <testcase name="doTest{boolean, int}[453]" classname="org.apache.zookeeper.server.ServerIdTest" time="0.303"/>
  <testcase name="doTest{boolean, int}[454]" classname="org.apache.zookeeper.server.ServerIdTest" time="0.231"/>
  <testcase name="doTest{boolean, int}[455]" classname="org.apache.zookeeper.server.ServerIdTest" time="0.246"/>
  <testcase name="doTest{boolean, int}[456]" classname="org.apache.zookeeper.server.ServerIdTest" time="0.344"/>
  <testcase name="doTest{boolean, int}[457]" classname="org.apache.zookeeper.server.ServerIdTest" time="0.251"/>
  <testcase name="doTest{boolean, int}[458]" classname="org.apache.zookeeper.server.ServerIdTest" time="0.213"/>
  <testcase name="doTest{boolean, int}[459]" classname="org.apache.zookeeper.server.ServerIdTest" time="0.227"/>
  <testcase name="doTest{boolean, int}[460]" classname="org.apache.zookeeper.server.ServerIdTest" time="0.227"/>
  <testcase name="doTest{boolean, int}[461]" classname="org.apache.zookeeper.server.ServerIdTest" time="0.307"/>
  <testcase name="doTest{boolean, int}[462]" classname="org.apache.zookeeper.server.ServerIdTest" time="0.264"/>
  <testcase name="doTest{boolean, int}[463]" classname="org.apache.zookeeper.server.ServerIdTest" time="0.255"/>
  <testcase name="doTest{boolean, int}[464]" classname="org.apache.zookeeper.server.ServerIdTest" time="0.246"/>
  <testcase name="doTest{boolean, int}[465]" classname="org.apache.zookeeper.server.ServerIdTest" time="0.271"/>
  <testcase name="doTest{boolean, int}[466]" classname="org.apache.zookeeper.server.ServerIdTest" time="0.285"/>
  <testcase name="doTest{boolean, int}[467]" classname="org.apache.zookeeper.server.ServerIdTest" time="0.253"/>
  <testcase name="doTest{boolean, int}[468]" classname="org.apache.zookeeper.server.ServerIdTest" time="0.241"/>
  <testcase name="doTest{boolean, int}[469]" classname="org.apache.zookeeper.server.ServerIdTest" time="0.254"/>
  <testcase name="doTest{boolean, int}[470]" classname="org.apache.zookeeper.server.ServerIdTest" time="0.237"/>
  <testcase name="doTest{boolean, int}[471]" classname="org.apache.zookeeper.server.ServerIdTest" time="0.237"/>
  <testcase name="doTest{boolean, int}[472]" classname="org.apache.zookeeper.server.ServerIdTest" time="0.262"/>
  <testcase name="doTest{boolean, int}[473]" classname="org.apache.zookeeper.server.ServerIdTest" time="0.4"/>
  <testcase name="doTest{boolean, int}[474]" classname="org.apache.zookeeper.server.ServerIdTest" time="0.322"/>
  <testcase name="doTest{boolean, int}[475]" classname="org.apache.zookeeper.server.ServerIdTest" time="0.31"/>
  <testcase name="doTest{boolean, int}[476]" classname="org.apache.zookeeper.server.ServerIdTest" time="0.254"/>
  <testcase name="doTest{boolean, int}[477]" classname="org.apache.zookeeper.server.ServerIdTest" time="0.251"/>
  <testcase name="doTest{boolean, int}[478]" classname="org.apache.zookeeper.server.ServerIdTest" time="0.255"/>
  <testcase name="doTest{boolean, int}[479]" classname="org.apache.zookeeper.server.ServerIdTest" time="0.384"/>
  <testcase name="doTest{boolean, int}[480]" classname="org.apache.zookeeper.server.ServerIdTest" time="0.241"/>
  <testcase name="doTest{boolean, int}[481]" classname="org.apache.zookeeper.server.ServerIdTest" time="0.265"/>
  <testcase name="doTest{boolean, int}[482]" classname="org.apache.zookeeper.server.ServerIdTest" time="0.259"/>
  <testcase name="doTest{boolean, int}[483]" classname="org.apache.zookeeper.server.ServerIdTest" time="0.288"/>
  <testcase name="doTest{boolean, int}[484]" classname="org.apache.zookeeper.server.ServerIdTest" time="0.305"/>
  <testcase name="doTest{boolean, int}[485]" classname="org.apache.zookeeper.server.ServerIdTest" time="0.274"/>
  <testcase name="doTest{boolean, int}[486]" classname="org.apache.zookeeper.server.ServerIdTest" time="0.247"/>
  <testcase name="doTest{boolean, int}[487]" classname="org.apache.zookeeper.server.ServerIdTest" time="0.383"/>
  <testcase name="doTest{boolean, int}[488]" classname="org.apache.zookeeper.server.ServerIdTest" time="0.262"/>
  <testcase name="doTest{boolean, int}[489]" classname="org.apache.zookeeper.server.ServerIdTest" time="0.261"/>
  <testcase name="doTest{boolean, int}[490]" classname="org.apache.zookeeper.server.ServerIdTest" time="0.307"/>
  <testcase name="doTest{boolean, int}[491]" classname="org.apache.zookeeper.server.ServerIdTest" time="0.263"/>
  <testcase name="doTest{boolean, int}[492]" classname="org.apache.zookeeper.server.ServerIdTest" time="0.275"/>
  <testcase name="doTest{boolean, int}[493]" classname="org.apache.zookeeper.server.ServerIdTest" time="0.286"/>
  <testcase name="doTest{boolean, int}[494]" classname="org.apache.zookeeper.server.ServerIdTest" time="0.265"/>
  <testcase name="doTest{boolean, int}[495]" classname="org.apache.zookeeper.server.ServerIdTest" time="0.28"/>
  <testcase name="doTest{boolean, int}[496]" classname="org.apache.zookeeper.server.ServerIdTest" time="0.306"/>
  <testcase name="doTest{boolean, int}[497]" classname="org.apache.zookeeper.server.ServerIdTest" time="0.328"/>
  <testcase name="doTest{boolean, int}[498]" classname="org.apache.zookeeper.server.ServerIdTest" time="0.254"/>
  <testcase name="doTest{boolean, int}[499]" classname="org.apache.zookeeper.server.ServerIdTest" time="0.26"/>
  <testcase name="doTest{boolean, int}[500]" classname="org.apache.zookeeper.server.ServerIdTest" time="0.283"/>
  <testcase name="doTest{boolean, int}[501]" classname="org.apache.zookeeper.server.ServerIdTest" time="0.323"/>
  <testcase name="doTest{boolean, int}[502]" classname="org.apache.zookeeper.server.ServerIdTest" time="0.306"/>
  <testcase name="doTest{boolean, int}[503]" classname="org.apache.zookeeper.server.ServerIdTest" time="0.324"/>
  <testcase name="doTest{boolean, int}[504]" classname="org.apache.zookeeper.server.ServerIdTest" time="0.276"/>
  <testcase name="doTest{boolean, int}[505]" classname="org.apache.zookeeper.server.ServerIdTest" time="0.3"/>
  <testcase name="doTest{boolean, int}[506]" classname="org.apache.zookeeper.server.ServerIdTest" time="0.267"/>
  <testcase name="doTest{boolean, int}[507]" classname="org.apache.zookeeper.server.ServerIdTest" time="0.292"/>
  <testcase name="doTest{boolean, int}[508]" classname="org.apache.zookeeper.server.ServerIdTest" time="0.274"/>
  <testcase name="doTest{boolean, int}[509]" classname="org.apache.zookeeper.server.ServerIdTest" time="0.33"/>
  <testcase name="doTest{boolean, int}[510]" classname="org.apache.zookeeper.server.ServerIdTest" time="0.253"/>
  <testcase name="doTest{boolean, int}[511]" classname="org.apache.zookeeper.server.ServerIdTest" time="0.319"/>
  <testcase name="doTest{boolean, int}[512]" classname="org.apache.zookeeper.server.ServerIdTest" time="0.317"/>
</testsuite>