<?xml version="1.0" encoding="UTF-8"?>
<testsuite xmlns:xsi="http://www.w3.org/2001/XMLSchema-instance" xsi:noNamespaceSchemaLocation="https://maven.apache.org/surefire/maven-surefire-plugin/xsd/surefire-test-report.xsd" name="org.apache.zookeeper.test.ChrootAsyncTest" time="40.193" tests="38" errors="0" skipped="0" failures="0">
  <properties>
    <property name="build.test.dir" value="/Users/linxiangling/Documents/GitHub/zookeeper/zookeeper-server/target/surefire"/>
    <property name="java.specification.version" value="18"/>
    <property name="sun.jnu.encoding" value="UTF-8"/>
    <property name="java.class.path" value="/Users/linxiangling/Documents/GitHub/zookeeper/zookeeper-server/target/test-classes:/Users/linxiangling/Documents/GitHub/zookeeper/zookeeper-server/target/classes:/Users/linxiangling/.m2/repository/com/github/spotbugs/spotbugs-annotations/4.0.2/spotbugs-annotations-4.0.2.jar:/Users/linxiangling/.m2/repository/com/google/code/findbugs/jsr305/3.0.2/jsr305-3.0.2.jar:/Users/linxiangling/.m2/repository/org/hamcrest/hamcrest-library/2.2/hamcrest-library-2.2.jar:/Users/linxiangling/.m2/repository/org/hamcrest/hamcrest-core/2.2/hamcrest-core-2.2.jar:/Users/linxiangling/.m2/repository/org/hamcrest/hamcrest/2.2/hamcrest-2.2.jar:/Users/linxiangling/.m2/repository/org/apache/commons/commons-collections4/4.4/commons-collections4-4.4.jar:/Users/linxiangling/Documents/GitHub/zookeeper/zookeeper-jute/target/zookeeper-jute-3.9.0-SNAPSHOT.jar:/Users/linxiangling/.m2/repository/commons-cli/commons-cli/1.4/commons-cli-1.4.jar:/Users/linxiangling/.m2/repository/org/apache/yetus/audience-annotations/0.12.0/audience-annotations-0.12.0.jar:/Users/linxiangling/.m2/repository/io/netty/netty-handler/4.1.76.Final/netty-handler-4.1.76.Final.jar:/Users/linxiangling/.m2/repository/io/netty/netty-common/4.1.76.Final/netty-common-4.1.76.Final.jar:/Users/linxiangling/.m2/repository/io/netty/netty-resolver/4.1.76.Final/netty-resolver-4.1.76.Final.jar:/Users/linxiangling/.m2/repository/io/netty/netty-buffer/4.1.76.Final/netty-buffer-4.1.76.Final.jar:/Users/linxiangling/.m2/repository/io/netty/netty-transport/4.1.76.Final/netty-transport-4.1.76.Final.jar:/Users/linxiangling/.m2/repository/io/netty/netty-codec/4.1.76.Final/netty-codec-4.1.76.Final.jar:/Users/linxiangling/.m2/repository/io/netty/netty-transport-native-epoll/4.1.76.Final/netty-transport-native-epoll-4.1.76.Final.jar:/Users/linxiangling/.m2/repository/io/netty/netty-transport-native-unix-common/4.1.76.Final/netty-transport-native-unix-common-4.1.76.Final.jar:/Users/linxiangling/.m2/repository/io/netty/netty-transport-classes-epoll/4.1.76.Final/netty-transport-classes-epoll-4.1.76.Final.jar:/Users/linxiangling/.m2/repository/org/slf4j/slf4j-api/1.7.30/slf4j-api-1.7.30.jar:/Users/linxiangling/.m2/repository/ch/qos/logback/logback-core/1.2.10/logback-core-1.2.10.jar:/Users/linxiangling/.m2/repository/ch/qos/logback/logback-classic/1.2.10/logback-classic-1.2.10.jar:/Users/linxiangling/.m2/repository/org/eclipse/jetty/jetty-server/9.4.43.v20210629/jetty-server-9.4.43.v20210629.jar:/Users/linxiangling/.m2/repository/javax/servlet/javax.servlet-api/3.1.0/javax.servlet-api-3.1.0.jar:/Users/linxiangling/.m2/repository/org/eclipse/jetty/jetty-http/9.4.43.v20210629/jetty-http-9.4.43.v20210629.jar:/Users/linxiangling/.m2/repository/org/eclipse/jetty/jetty-util/9.4.43.v20210629/jetty-util-9.4.43.v20210629.jar:/Users/linxiangling/.m2/repository/org/eclipse/jetty/jetty-io/9.4.43.v20210629/jetty-io-9.4.43.v20210629.jar:/Users/linxiangling/.m2/repository/org/eclipse/jetty/jetty-servlet/9.4.43.v20210629/jetty-servlet-9.4.43.v20210629.jar:/Users/linxiangling/.m2/repository/org/eclipse/jetty/jetty-security/9.4.43.v20210629/jetty-security-9.4.43.v20210629.jar:/Users/linxiangling/.m2/repository/org/eclipse/jetty/jetty-util-ajax/9.4.43.v20210629/jetty-util-ajax-9.4.43.v20210629.jar:/Users/linxiangling/.m2/repository/org/eclipse/jetty/jetty-client/9.4.43.v20210629/jetty-client-9.4.43.v20210629.jar:/Users/linxiangling/.m2/repository/com/fasterxml/jackson/core/jackson-databind/2.13.2.1/jackson-databind-2.13.2.1.jar:/Users/linxiangling/.m2/repository/com/fasterxml/jackson/core/jackson-annotations/2.13.2/jackson-annotations-2.13.2.jar:/Users/linxiangling/.m2/repository/com/fasterxml/jackson/core/jackson-core/2.13.2/jackson-core-2.13.2.jar:/Users/linxiangling/.m2/repository/org/bouncycastle/bcprov-jdk15on/1.60/bcprov-jdk15on-1.60.jar:/Users/linxiangling/.m2/repository/org/bouncycastle/bcpkix-jdk15on/1.60/bcpkix-jdk15on-1.60.jar:/Users/linxiangling/.m2/repository/jline/jline/2.14.6/jline-2.14.6.jar:/Users/linxiangling/.m2/repository/io/dropwizard/metrics/metrics-core/4.1.12.1/metrics-core-4.1.12.1.jar:/Users/linxiangling/.m2/repository/org/apache/kerby/kerb-core/2.0.0/kerb-core-2.0.0.jar:/Users/linxiangling/.m2/repository/org/apache/kerby/kerby-pkix/2.0.0/kerby-pkix-2.0.0.jar:/Users/linxiangling/.m2/repository/org/apache/kerby/kerby-asn1/2.0.0/kerby-asn1-2.0.0.jar:/Users/linxiangling/.m2/repository/org/apache/kerby/kerby-util/2.0.0/kerby-util-2.0.0.jar:/Users/linxiangling/.m2/repository/org/apache/kerby/kerb-simplekdc/2.0.0/kerb-simplekdc-2.0.0.jar:/Users/linxiangling/.m2/repository/org/apache/kerby/kerb-client/2.0.0/kerb-client-2.0.0.jar:/Users/linxiangling/.m2/repository/org/apache/kerby/kerb-common/2.0.0/kerb-common-2.0.0.jar:/Users/linxiangling/.m2/repository/org/apache/kerby/kerb-crypto/2.0.0/kerb-crypto-2.0.0.jar:/Users/linxiangling/.m2/repository/org/apache/kerby/kerb-util/2.0.0/kerb-util-2.0.0.jar:/Users/linxiangling/.m2/repository/org/apache/kerby/token-provider/2.0.0/token-provider-2.0.0.jar:/Users/linxiangling/.m2/repository/com/nimbusds/nimbus-jose-jwt/4.41.2/nimbus-jose-jwt-4.41.2.jar:/Users/linxiangling/.m2/repository/com/github/stephenc/jcip/jcip-annotations/1.0-1/jcip-annotations-1.0-1.jar:/Users/linxiangling/.m2/repository/net/minidev/json-smart/2.3/json-smart-2.3.jar:/Users/linxiangling/.m2/repository/net/minidev/accessors-smart/1.2/accessors-smart-1.2.jar:/Users/linxiangling/.m2/repository/org/ow2/asm/asm/5.0.4/asm-5.0.4.jar:/Users/linxiangling/.m2/repository/org/apache/kerby/kerb-admin/2.0.0/kerb-admin-2.0.0.jar:/Users/linxiangling/.m2/repository/org/apache/kerby/kerb-server/2.0.0/kerb-server-2.0.0.jar:/Users/linxiangling/.m2/repository/org/apache/kerby/kerb-identity/2.0.0/kerb-identity-2.0.0.jar:/Users/linxiangling/.m2/repository/org/apache/kerby/kerby-xdr/2.0.0/kerby-xdr-2.0.0.jar:/Users/linxiangling/.m2/repository/org/apache/kerby/kerby-config/2.0.0/kerby-config-2.0.0.jar:/Users/linxiangling/.m2/repository/org/mockito/mockito-core/3.6.28/mockito-core-3.6.28.jar:/Users/linxiangling/.m2/repository/net/bytebuddy/byte-buddy/1.10.18/byte-buddy-1.10.18.jar:/Users/linxiangling/.m2/repository/net/bytebuddy/byte-buddy-agent/1.10.18/byte-buddy-agent-1.10.18.jar:/Users/linxiangling/.m2/repository/org/objenesis/objenesis/3.1/objenesis-3.1.jar:/Users/linxiangling/.m2/repository/org/jmockit/jmockit/1.48/jmockit-1.48.jar:/Users/linxiangling/.m2/repository/org/junit/jupiter/junit-jupiter-api/5.6.2/junit-jupiter-api-5.6.2.jar:/Users/linxiangling/.m2/repository/org/apiguardian/apiguardian-api/1.1.0/apiguardian-api-1.1.0.jar:/Users/linxiangling/.m2/repository/org/opentest4j/opentest4j/1.2.0/opentest4j-1.2.0.jar:/Users/linxiangling/.m2/repository/org/junit/platform/junit-platform-commons/1.6.2/junit-platform-commons-1.6.2.jar:/Users/linxiangling/.m2/repository/org/junit/jupiter/junit-jupiter-engine/5.6.2/junit-jupiter-engine-5.6.2.jar:/Users/linxiangling/.m2/repository/org/junit/platform/junit-platform-engine/1.6.2/junit-platform-engine-1.6.2.jar:/Users/linxiangling/.m2/repository/org/junit/jupiter/junit-jupiter-params/5.6.2/junit-jupiter-params-5.6.2.jar:/Users/linxiangling/.m2/repository/org/junit/platform/junit-platform-runner/1.6.2/junit-platform-runner-1.6.2.jar:/Users/linxiangling/.m2/repository/junit/junit/4.13/junit-4.13.jar:/Users/linxiangling/.m2/repository/org/junit/platform/junit-platform-launcher/1.6.2/junit-platform-launcher-1.6.2.jar:/Users/linxiangling/.m2/repository/org/junit/platform/junit-platform-suite-api/1.6.2/junit-platform-suite-api-1.6.2.jar:/Users/linxiangling/.m2/repository/org/xerial/snappy/snappy-java/1.1.7.7/snappy-java-1.1.7.7.jar:/Users/linxiangling/.m2/repository/commons-io/commons-io/2.11.0/commons-io-2.11.0.jar:"/>
    <property name="java.vm.vendor" value="Homebrew"/>
    <property name="sun.arch.data.model" value="64"/>
    <property name="java.vendor.url" value="https://github.com/Homebrew/homebrew-core/issues"/>
    <property name="os.name" value="Mac OS X"/>
    <property name="java.vm.specification.version" value="18"/>
    <property name="sun.java.launcher" value="SUN_STANDARD"/>
    <property name="user.country" value="TW"/>
    <property name="sun.boot.library.path" value="/usr/local/Cellar/openjdk/18.0.2.1/libexec/openjdk.jdk/Contents/Home/lib"/>
    <property name="sun.java.command" value="/Users/linxiangling/Documents/GitHub/zookeeper/zookeeper-server/target/surefire/surefirebooter6857636087870451655.jar /Users/linxiangling/Documents/GitHub/zookeeper/zookeeper-server/target/surefire 2022-09-11T09-05-55_015-jvmRun2 surefire15891055199169929200tmp surefire_195248596749902079966tmp"/>
    <property name="http.nonProxyHosts" value="local|*.local|169.254/16|*.169.254/16"/>
    <property name="jdk.debug" value="release"/>
    <property name="surefire.test.class.path" value="/Users/linxiangling/Documents/GitHub/zookeeper/zookeeper-server/target/test-classes:/Users/linxiangling/Documents/GitHub/zookeeper/zookeeper-server/target/classes:/Users/linxiangling/.m2/repository/com/github/spotbugs/spotbugs-annotations/4.0.2/spotbugs-annotations-4.0.2.jar:/Users/linxiangling/.m2/repository/com/google/code/findbugs/jsr305/3.0.2/jsr305-3.0.2.jar:/Users/linxiangling/.m2/repository/org/hamcrest/hamcrest-library/2.2/hamcrest-library-2.2.jar:/Users/linxiangling/.m2/repository/org/hamcrest/hamcrest-core/2.2/hamcrest-core-2.2.jar:/Users/linxiangling/.m2/repository/org/hamcrest/hamcrest/2.2/hamcrest-2.2.jar:/Users/linxiangling/.m2/repository/org/apache/commons/commons-collections4/4.4/commons-collections4-4.4.jar:/Users/linxiangling/Documents/GitHub/zookeeper/zookeeper-jute/target/zookeeper-jute-3.9.0-SNAPSHOT.jar:/Users/linxiangling/.m2/repository/commons-cli/commons-cli/1.4/commons-cli-1.4.jar:/Users/linxiangling/.m2/repository/org/apache/yetus/audience-annotations/0.12.0/audience-annotations-0.12.0.jar:/Users/linxiangling/.m2/repository/io/netty/netty-handler/4.1.76.Final/netty-handler-4.1.76.Final.jar:/Users/linxiangling/.m2/repository/io/netty/netty-common/4.1.76.Final/netty-common-4.1.76.Final.jar:/Users/linxiangling/.m2/repository/io/netty/netty-resolver/4.1.76.Final/netty-resolver-4.1.76.Final.jar:/Users/linxiangling/.m2/repository/io/netty/netty-buffer/4.1.76.Final/netty-buffer-4.1.76.Final.jar:/Users/linxiangling/.m2/repository/io/netty/netty-transport/4.1.76.Final/netty-transport-4.1.76.Final.jar:/Users/linxiangling/.m2/repository/io/netty/netty-codec/4.1.76.Final/netty-codec-4.1.76.Final.jar:/Users/linxiangling/.m2/repository/io/netty/netty-transport-native-epoll/4.1.76.Final/netty-transport-native-epoll-4.1.76.Final.jar:/Users/linxiangling/.m2/repository/io/netty/netty-transport-native-unix-common/4.1.76.Final/netty-transport-native-unix-common-4.1.76.Final.jar:/Users/linxiangling/.m2/repository/io/netty/netty-transport-classes-epoll/4.1.76.Final/netty-transport-classes-epoll-4.1.76.Final.jar:/Users/linxiangling/.m2/repository/org/slf4j/slf4j-api/1.7.30/slf4j-api-1.7.30.jar:/Users/linxiangling/.m2/repository/ch/qos/logback/logback-core/1.2.10/logback-core-1.2.10.jar:/Users/linxiangling/.m2/repository/ch/qos/logback/logback-classic/1.2.10/logback-classic-1.2.10.jar:/Users/linxiangling/.m2/repository/org/eclipse/jetty/jetty-server/9.4.43.v20210629/jetty-server-9.4.43.v20210629.jar:/Users/linxiangling/.m2/repository/javax/servlet/javax.servlet-api/3.1.0/javax.servlet-api-3.1.0.jar:/Users/linxiangling/.m2/repository/org/eclipse/jetty/jetty-http/9.4.43.v20210629/jetty-http-9.4.43.v20210629.jar:/Users/linxiangling/.m2/repository/org/eclipse/jetty/jetty-util/9.4.43.v20210629/jetty-util-9.4.43.v20210629.jar:/Users/linxiangling/.m2/repository/org/eclipse/jetty/jetty-io/9.4.43.v20210629/jetty-io-9.4.43.v20210629.jar:/Users/linxiangling/.m2/repository/org/eclipse/jetty/jetty-servlet/9.4.43.v20210629/jetty-servlet-9.4.43.v20210629.jar:/Users/linxiangling/.m2/repository/org/eclipse/jetty/jetty-security/9.4.43.v20210629/jetty-security-9.4.43.v20210629.jar:/Users/linxiangling/.m2/repository/org/eclipse/jetty/jetty-util-ajax/9.4.43.v20210629/jetty-util-ajax-9.4.43.v20210629.jar:/Users/linxiangling/.m2/repository/org/eclipse/jetty/jetty-client/9.4.43.v20210629/jetty-client-9.4.43.v20210629.jar:/Users/linxiangling/.m2/repository/com/fasterxml/jackson/core/jackson-databind/2.13.2.1/jackson-databind-2.13.2.1.jar:/Users/linxiangling/.m2/repository/com/fasterxml/jackson/core/jackson-annotations/2.13.2/jackson-annotations-2.13.2.jar:/Users/linxiangling/.m2/repository/com/fasterxml/jackson/core/jackson-core/2.13.2/jackson-core-2.13.2.jar:/Users/linxiangling/.m2/repository/org/bouncycastle/bcprov-jdk15on/1.60/bcprov-jdk15on-1.60.jar:/Users/linxiangling/.m2/repository/org/bouncycastle/bcpkix-jdk15on/1.60/bcpkix-jdk15on-1.60.jar:/Users/linxiangling/.m2/repository/jline/jline/2.14.6/jline-2.14.6.jar:/Users/linxiangling/.m2/repository/io/dropwizard/metrics/metrics-core/4.1.12.1/metrics-core-4.1.12.1.jar:/Users/linxiangling/.m2/repository/org/apache/kerby/kerb-core/2.0.0/kerb-core-2.0.0.jar:/Users/linxiangling/.m2/repository/org/apache/kerby/kerby-pkix/2.0.0/kerby-pkix-2.0.0.jar:/Users/linxiangling/.m2/repository/org/apache/kerby/kerby-asn1/2.0.0/kerby-asn1-2.0.0.jar:/Users/linxiangling/.m2/repository/org/apache/kerby/kerby-util/2.0.0/kerby-util-2.0.0.jar:/Users/linxiangling/.m2/repository/org/apache/kerby/kerb-simplekdc/2.0.0/kerb-simplekdc-2.0.0.jar:/Users/linxiangling/.m2/repository/org/apache/kerby/kerb-client/2.0.0/kerb-client-2.0.0.jar:/Users/linxiangling/.m2/repository/org/apache/kerby/kerb-common/2.0.0/kerb-common-2.0.0.jar:/Users/linxiangling/.m2/repository/org/apache/kerby/kerb-crypto/2.0.0/kerb-crypto-2.0.0.jar:/Users/linxiangling/.m2/repository/org/apache/kerby/kerb-util/2.0.0/kerb-util-2.0.0.jar:/Users/linxiangling/.m2/repository/org/apache/kerby/token-provider/2.0.0/token-provider-2.0.0.jar:/Users/linxiangling/.m2/repository/com/nimbusds/nimbus-jose-jwt/4.41.2/nimbus-jose-jwt-4.41.2.jar:/Users/linxiangling/.m2/repository/com/github/stephenc/jcip/jcip-annotations/1.0-1/jcip-annotations-1.0-1.jar:/Users/linxiangling/.m2/repository/net/minidev/json-smart/2.3/json-smart-2.3.jar:/Users/linxiangling/.m2/repository/net/minidev/accessors-smart/1.2/accessors-smart-1.2.jar:/Users/linxiangling/.m2/repository/org/ow2/asm/asm/5.0.4/asm-5.0.4.jar:/Users/linxiangling/.m2/repository/org/apache/kerby/kerb-admin/2.0.0/kerb-admin-2.0.0.jar:/Users/linxiangling/.m2/repository/org/apache/kerby/kerb-server/2.0.0/kerb-server-2.0.0.jar:/Users/linxiangling/.m2/repository/org/apache/kerby/kerb-identity/2.0.0/kerb-identity-2.0.0.jar:/Users/linxiangling/.m2/repository/org/apache/kerby/kerby-xdr/2.0.0/kerby-xdr-2.0.0.jar:/Users/linxiangling/.m2/repository/org/apache/kerby/kerby-config/2.0.0/kerby-config-2.0.0.jar:/Users/linxiangling/.m2/repository/org/mockito/mockito-core/3.6.28/mockito-core-3.6.28.jar:/Users/linxiangling/.m2/repository/net/bytebuddy/byte-buddy/1.10.18/byte-buddy-1.10.18.jar:/Users/linxiangling/.m2/repository/net/bytebuddy/byte-buddy-agent/1.10.18/byte-buddy-agent-1.10.18.jar:/Users/linxiangling/.m2/repository/org/objenesis/objenesis/3.1/objenesis-3.1.jar:/Users/linxiangling/.m2/repository/org/jmockit/jmockit/1.48/jmockit-1.48.jar:/Users/linxiangling/.m2/repository/org/junit/jupiter/junit-jupiter-api/5.6.2/junit-jupiter-api-5.6.2.jar:/Users/linxiangling/.m2/repository/org/apiguardian/apiguardian-api/1.1.0/apiguardian-api-1.1.0.jar:/Users/linxiangling/.m2/repository/org/opentest4j/opentest4j/1.2.0/opentest4j-1.2.0.jar:/Users/linxiangling/.m2/repository/org/junit/platform/junit-platform-commons/1.6.2/junit-platform-commons-1.6.2.jar:/Users/linxiangling/.m2/repository/org/junit/jupiter/junit-jupiter-engine/5.6.2/junit-jupiter-engine-5.6.2.jar:/Users/linxiangling/.m2/repository/org/junit/platform/junit-platform-engine/1.6.2/junit-platform-engine-1.6.2.jar:/Users/linxiangling/.m2/repository/org/junit/jupiter/junit-jupiter-params/5.6.2/junit-jupiter-params-5.6.2.jar:/Users/linxiangling/.m2/repository/org/junit/platform/junit-platform-runner/1.6.2/junit-platform-runner-1.6.2.jar:/Users/linxiangling/.m2/repository/junit/junit/4.13/junit-4.13.jar:/Users/linxiangling/.m2/repository/org/junit/platform/junit-platform-launcher/1.6.2/junit-platform-launcher-1.6.2.jar:/Users/linxiangling/.m2/repository/org/junit/platform/junit-platform-suite-api/1.6.2/junit-platform-suite-api-1.6.2.jar:/Users/linxiangling/.m2/repository/org/xerial/snappy/snappy-java/1.1.7.7/snappy-java-1.1.7.7.jar:/Users/linxiangling/.m2/repository/commons-io/commons-io/2.11.0/commons-io-2.11.0.jar:"/>
    <property name="sun.cpu.endian" value="little"/>
    <property name="user.home" value="/Users/linxiangling"/>
    <property name="user.language" value="zh"/>
    <property name="java.specification.vendor" value="Oracle Corporation"/>
    <property name="java.version.date" value="2022-08-18"/>
    <property name="java.home" value="/usr/local/Cellar/openjdk/18.0.2.1/libexec/openjdk.jdk/Contents/Home"/>
    <property name="zookeeper.DigestAuthenticationProvider.superDigest" value="super:D/InIHSb7yEEbrWz8b9l71RjZJU="/>
    <property name="file.separator" value="/"/>
    <property name="basedir" value="/Users/linxiangling/Documents/GitHub/zookeeper/zookeeper-server"/>
    <property name="java.vm.compressedOopsMode" value="Zero based"/>
    <property name="line.separator" value="&#10;"/>
    <property name="java.vm.specification.vendor" value="Oracle Corporation"/>
    <property name="java.specification.name" value="Java Platform API Specification"/>
    <property name="test.junit.threads" value="8"/>
    <property name="apple.awt.application.name" value="ForkedBooter"/>
    <property name="surefire.real.class.path" value="/Users/linxiangling/Documents/GitHub/zookeeper/zookeeper-server/target/surefire/surefirebooter6857636087870451655.jar"/>
    <property name="zookeeper.junit.threadid" value="2"/>
    <property name="user.script" value="Hant"/>
    <property name="sun.management.compiler" value="HotSpot 64-Bit Tiered Compilers"/>
    <property name="ftp.nonProxyHosts" value="local|*.local|169.254/16|*.169.254/16"/>
    <property name="java.runtime.version" value="18.0.2.1+0"/>
    <property name="user.name" value="linxiangling"/>
    <property name="path.separator" value=":"/>
    <property name="os.version" value="10.15.6"/>
    <property name="java.runtime.name" value="OpenJDK Runtime Environment"/>
    <property name="file.encoding" value="UTF-8"/>
    <property name="java.vm.name" value="OpenJDK 64-Bit Server VM"/>
    <property name="java.vendor.version" value="Homebrew"/>
    <property name="localRepository" value="/Users/linxiangling/.m2/repository"/>
    <property name="java.vendor.url.bug" value="https://github.com/Homebrew/homebrew-core/issues"/>
    <property name="java.io.tmpdir" value="/var/folders/mp/w39sdpzd2wj4lrp979j8yy280000gn/T/"/>
    <property name="java.version" value="18.0.2.1"/>
    <property name="user.dir" value="/Users/linxiangling/Documents/GitHub/zookeeper/zookeeper-server"/>
    <property name="os.arch" value="x86_64"/>
    <property name="java.vm.specification.name" value="Java Virtual Machine Specification"/>
    <property name="native.encoding" value="UTF-8"/>
    <property name="java.library.path" value="/Users/linxiangling/Library/Java/Extensions:/Library/Java/Extensions:/Network/Library/Java/Extensions:/System/Library/Java/Extensions:/usr/lib/java:."/>
    <property name="junit.jupiter.extensions.autodetection.enabled" value="true"/>
    <property name="java.vm.info" value="mixed mode, sharing"/>
    <property name="java.vendor" value="Homebrew"/>
    <property name="java.vm.version" value="18.0.2.1+0"/>
    <property name="sun.io.unicode.encoding" value="UnicodeBig"/>
    <property name="socksNonProxyHosts" value="local|*.local|169.254/16|*.169.254/16"/>
    <property name="java.class.version" value="62.0"/>
  </properties>
  <testcase name="testAsyncMulti" classname="org.apache.zookeeper.test.ChrootAsyncTest" time="2.661"/>
  <testcase name="testAsyncMultiSequential_NoSideEffect" classname="org.apache.zookeeper.test.ChrootAsyncTest" time="1.72"/>
  <testcase name="testAsyncGetChildrenEmpty" classname="org.apache.zookeeper.test.ChrootAsyncTest" time="1.409"/>
  <testcase name="testAsyncSetACLFailure_BadVersion" classname="org.apache.zookeeper.test.ChrootAsyncTest" time="1.423"/>
  <testcase name="testAsyncCreate" classname="org.apache.zookeeper.test.ChrootAsyncTest" time="1.679"/>
  <testcase name="testAsyncDelete" classname="org.apache.zookeeper.test.ChrootAsyncTest" time="1.968"/>
  <testcase name="testAsyncGetChildren2Failure_NoNode" classname="org.apache.zookeeper.test.ChrootAsyncTest" time="1.104"/>
  <testcase name="testAsyncExists" classname="org.apache.zookeeper.test.ChrootAsyncTest" time="1.725"/>
  <testcase name="testAsyncGetDataFailure_NoNode" classname="org.apache.zookeeper.test.ChrootAsyncTest" time="1.474"/>
  <testcase name="testAsyncGetACL" classname="org.apache.zookeeper.test.ChrootAsyncTest" time="1.576"/>
  <testcase name="testAsyncCreate2Failure_NoNode" classname="org.apache.zookeeper.test.ChrootAsyncTest" time="1.64"/>
  <testcase name="testAsyncCreateFailure_NoNode" classname="org.apache.zookeeper.test.ChrootAsyncTest" time="1.268"/>
  <testcase name="testAsyncSetACL" classname="org.apache.zookeeper.test.ChrootAsyncTest" time="1.205"/>
  <testcase name="testAsyncMultiFailure_NoSideEffect" classname="org.apache.zookeeper.test.ChrootAsyncTest" time="1.353"/>
  <testcase name="testAsyncGetData" classname="org.apache.zookeeper.test.ChrootAsyncTest" time="1.373"/>
  <testcase name="testAsyncSync" classname="org.apache.zookeeper.test.ChrootAsyncTest" time="1.227"/>
  <testcase name="testAsyncGetChildren2Two" classname="org.apache.zookeeper.test.ChrootAsyncTest" time="1.264"/>
  <testcase name="testAsyncCreateFailure_NoChildForEphemeral" classname="org.apache.zookeeper.test.ChrootAsyncTest" time="1.042"/>
  <testcase name="testAsyncDeleteFailure_BadVersion" classname="org.apache.zookeeper.test.ChrootAsyncTest" time="0.964"/>
  <testcase name="testAsyncDeleteFailure_NoNode" classname="org.apache.zookeeper.test.ChrootAsyncTest" time="1.006"/>
  <testcase name="testAsyncSetDataFailure_BadVersion" classname="org.apache.zookeeper.test.ChrootAsyncTest" time="1.093"/>
  <testcase name="testAsyncGetChildrenFailure_NoNode" classname="org.apache.zookeeper.test.ChrootAsyncTest" time="0.776"/>
  <testcase name="testAsyncCreate2" classname="org.apache.zookeeper.test.ChrootAsyncTest" time="0.774"/>
  <testcase name="testAsyncExistsFailure_NoNode" classname="org.apache.zookeeper.test.ChrootAsyncTest" time="0.706"/>
  <testcase name="testAsyncGetChildren2Empty" classname="org.apache.zookeeper.test.ChrootAsyncTest" time="0.398"/>
  <testcase name="testAsyncCreateThree" classname="org.apache.zookeeper.test.ChrootAsyncTest" time="0.413"/>
  <testcase name="testAsyncMultiFailure_AllErrorResult" classname="org.apache.zookeeper.test.ChrootAsyncTest" time="0.409"/>
  <testcase name="testAsyncGetChildrenTwo" classname="org.apache.zookeeper.test.ChrootAsyncTest" time="0.442"/>
  <testcase name="testAsyncCreateFailure_NodeExists" classname="org.apache.zookeeper.test.ChrootAsyncTest" time="0.392"/>
  <testcase name="testAsyncCreate2Failure_NoChildForEphemeral" classname="org.apache.zookeeper.test.ChrootAsyncTest" time="0.391"/>
  <testcase name="testAsyncSetData" classname="org.apache.zookeeper.test.ChrootAsyncTest" time="0.404"/>
  <testcase name="testAsyncSetDataFailure_NoNode" classname="org.apache.zookeeper.test.ChrootAsyncTest" time="0.408"/>
  <testcase name="testAsyncSetACLFailure_NoNode" classname="org.apache.zookeeper.test.ChrootAsyncTest" time="0.437"/>
  <testcase name="testAsyncDeleteFailure_NotEmpty" classname="org.apache.zookeeper.test.ChrootAsyncTest" time="0.477"/>
  <testcase name="testAsyncGetChildrenSingle" classname="org.apache.zookeeper.test.ChrootAsyncTest" time="0.478"/>
  <testcase name="testAsyncCreate2Failure_NodeExists" classname="org.apache.zookeeper.test.ChrootAsyncTest" time="0.653"/>
  <testcase name="testAsyncGetACLFailure_NoNode" classname="org.apache.zookeeper.test.ChrootAsyncTest" time="0.683"/>
  <testcase name="testAsyncGetChildren2Single" classname="org.apache.zookeeper.test.ChrootAsyncTest" time="0.732"/>
</testsuite>